#
# A fatal error has been detected by the Java Runtime Environment:
#
#  EXCEPTION_ACCESS_VIOLATION (0xc0000005) at pc=0x00007fffb26cc75d, pid=13616, tid=23700
#
# JRE version: OpenJDK Runtime Environment Temurin-21.0.5+11 (21.0.5+11) (build 21.0.5+11-LTS)
# Java VM: OpenJDK 64-Bit Server VM Temurin-21.0.5+11 (21.0.5+11-LTS, mixed mode, sharing, tiered, compressed oops, compressed class ptrs, g1 gc, windows-amd64)
# Problematic frame:
# C  [lwjgl_opengl.dll+0xc75d]
#
# No core dump will be written. Minidumps are not enabled by default on client versions of Windows
#
# If you would like to submit a bug report, please visit:
#   https://github.com/adoptium/adoptium-support/issues
# The crash happened outside the Java Virtual Machine in native code.
# See problematic frame for where to report the bug.
#

---------------  S U M M A R Y ------------

Command Line: -ea -Dfile.encoding=UTF-8 -Dstdout.encoding=UTF-8 -Dstderr.encoding=UTF-8 -XX:+ShowCodeDetailsInExceptionMessages org.eclipse.jdt.internal.junit.runner.RemoteTestRunner -version 3 -port 56922 -testLoaderClass org.eclipse.jdt.internal.junit5.runner.JUnit5TestLoader -loaderpluginname org.eclipse.jdt.junit5.runtime -classNames com.ngeneration.miengine.util.indexer.ResourceIndexerTest

Host: 12th Gen Intel(R) Core(TM) i7-1255U, 12 cores, 31G,  Windows 11 , 64 bit Build 22621 (10.0.22621.4391)
Time: Sun Jan 12 00:42:43 2025 Central Standard Time (Mexico) elapsed time: 0.570629 seconds (0d 0h 0m 0s)

---------------  T H R E A D  ---------------

Current thread (0x000001a9d3c927f0):  JavaThread "main"             [_thread_in_native, id=23700, stack(0x0000009f60400000,0x0000009f60500000) (1024K)]

Stack: [0x0000009f60400000,0x0000009f60500000],  sp=0x0000009f604fc3d8,  free space=1008k
Native frames: (J=compiled Java code, j=interpreted, Vv=VM code, C=native code)
C  [lwjgl_opengl.dll+0xc75d]

Java frames: (J=compiled Java code, j=interpreted, Vv=VM code)
j  org.lwjgl.opengl.GL11C.nglGenTextures(IJ)V+0
j  org.lwjgl.opengl.GL11C.glGenTextures()I+20
j  org.lwjgl.opengl.GL11.glGenTextures()I+0
j  com.ngeneration.miengine.graphics.Texture.createTexture()I+1
j  com.ngeneration.miengine.graphics.Texture.setBuffer(Ljava/nio/ByteBuffer;III)V+22
j  com.ngeneration.miengine.graphics.Texture.<init>(Ljava/lang/String;)V+102
j  com.ngeneration.miengine.util.indexer.TextureResourceResolver.<init>(Ljava/lang/String;Ljava/lang/String;)V+26
j  com.ngeneration.miengine.util.indexer.TextureParser.getResourceResolver(Ljava/lang/String;Ljava/lang/String;Ljava/lang/String;)Lcom/ngeneration/miengine/util/indexer/ResourceResolver;+6
j  com.ngeneration.miengine.util.indexer.ResourceIndexer.loadResource(I)Lcom/ngeneration/miengine/util/indexer/ResourceIndexer$ResourceData;+106
j  com.ngeneration.miengine.util.indexer.ResourceIndexer.get(ILjava/lang/String;Ljava/lang/Class;)Ljava/lang/Object;+25
j  com.ngeneration.miengine.util.indexer.ResourceIndexer.get(Ljava/lang/String;Ljava/lang/Class;)Ljava/lang/Object;+44
j  com.ngeneration.miengine.util.indexer.ResourceIndexerTest.test()V+15
j  java.lang.invoke.LambdaForm$DMH+0x000001a9810a9000.invokeVirtual(Ljava/lang/Object;Ljava/lang/Object;)V+10 java.base@21.0.5
j  java.lang.invoke.LambdaForm$MH+0x000001a9810a9800.invoke(Ljava/lang/Object;Ljava/lang/Object;)Ljava/lang/Object;+31 java.base@21.0.5
j  java.lang.invoke.Invokers$Holder.invokeExact_MT(Ljava/lang/Object;Ljava/lang/Object;Ljava/lang/Object;)Ljava/lang/Object;+19 java.base@21.0.5
j  jdk.internal.reflect.DirectMethodHandleAccessor.invokeImpl(Ljava/lang/Object;[Ljava/lang/Object;)Ljava/lang/Object;+41 java.base@21.0.5
j  jdk.internal.reflect.DirectMethodHandleAccessor.invoke(Ljava/lang/Object;[Ljava/lang/Object;)Ljava/lang/Object;+23 java.base@21.0.5
j  java.lang.reflect.Method.invoke(Ljava/lang/Object;[Ljava/lang/Object;)Ljava/lang/Object;+102 java.base@21.0.5
j  org.junit.platform.commons.util.ReflectionUtils.invokeMethod(Ljava/lang/reflect/Method;Ljava/lang/Object;[Ljava/lang/Object;)Ljava/lang/Object;+42
j  org.junit.jupiter.engine.execution.MethodInvocation.proceed()Ljava/lang/Object;+16
j  org.junit.jupiter.engine.execution.InvocationInterceptorChain$ValidatingInvocation.proceed()Ljava/lang/Object;+8
j  org.junit.jupiter.engine.extension.TimeoutExtension.intercept(Lorg/junit/jupiter/api/extension/InvocationInterceptor$Invocation;Lorg/junit/jupiter/api/extension/ReflectiveInvocationContext;Lorg/junit/jupiter/api/extension/ExtensionContext;Lorg/junit/jupiter/engine/extension/TimeoutDuration;Lorg/junit/jupiter/engine/extension/TimeoutExtension$TimeoutProvider;)Ljava/lang/Object;+28
j  org.junit.jupiter.engine.extension.TimeoutExtension.interceptTestableMethod(Lorg/junit/jupiter/api/extension/InvocationInterceptor$Invocation;Lorg/junit/jupiter/api/extension/ReflectiveInvocationContext;Lorg/junit/jupiter/api/extension/ExtensionContext;Lorg/junit/jupiter/engine/extension/TimeoutExtension$TimeoutProvider;)Ljava/lang/Object;+31
j  org.junit.jupiter.engine.extension.TimeoutExtension.interceptTestMethod(Lorg/junit/jupiter/api/extension/InvocationInterceptor$Invocation;Lorg/junit/jupiter/api/extension/ReflectiveInvocationContext;Lorg/junit/jupiter/api/extension/ExtensionContext;)V+9
j  org.junit.jupiter.engine.descriptor.TestMethodTestDescriptor$$Lambda+0x000001a9810372e8.apply(Lorg/junit/jupiter/api/extension/InvocationInterceptor;Lorg/junit/jupiter/api/extension/InvocationInterceptor$Invocation;Lorg/junit/jupiter/api/extension/ReflectiveInvocationContext;Lorg/junit/jupiter/api/extension/ExtensionContext;)V+5
j  org.junit.jupiter.engine.execution.InterceptingExecutableInvoker$ReflectiveInterceptorCall.lambda$ofVoidMethod$0(Lorg/junit/jupiter/engine/execution/InterceptingExecutableInvoker$ReflectiveInterceptorCall$VoidMethodInterceptorCall;Lorg/junit/jupiter/api/extension/InvocationInterceptor;Lorg/junit/jupiter/api/extension/InvocationInterceptor$Invocation;Lorg/junit/jupiter/api/extension/ReflectiveInvocationContext;Lorg/junit/jupiter/api/extension/ExtensionContext;)Ljava/lang/Void;+6
j  org.junit.jupiter.engine.execution.InterceptingExecutableInvoker$ReflectiveInterceptorCall$$Lambda+0x000001a9810376e8.apply(Lorg/junit/jupiter/api/extension/InvocationInterceptor;Lorg/junit/jupiter/api/extension/InvocationInterceptor$Invocation;Lorg/junit/jupiter/api/extension/ReflectiveInvocationContext;Lorg/junit/jupiter/api/extension/ExtensionContext;)Ljava/lang/Object;+9
j  org.junit.jupiter.engine.execution.InterceptingExecutableInvoker.lambda$invoke$0(Lorg/junit/jupiter/engine/execution/InterceptingExecutableInvoker$ReflectiveInterceptorCall;Lorg/junit/jupiter/api/extension/ReflectiveInvocationContext;Lorg/junit/jupiter/api/extension/ExtensionContext;Lorg/junit/jupiter/api/extension/InvocationInterceptor;Lorg/junit/jupiter/api/extension/InvocationInterceptor$Invocation;)Ljava/lang/Object;+6
j  org.junit.jupiter.engine.execution.InterceptingExecutableInvoker$$Lambda+0x000001a9810a5380.apply(Lorg/junit/jupiter/api/extension/InvocationInterceptor;Lorg/junit/jupiter/api/extension/InvocationInterceptor$Invocation;)Ljava/lang/Object;+14
j  org.junit.jupiter.engine.execution.InvocationInterceptorChain$InterceptedInvocation.proceed()Ljava/lang/Object;+12
j  org.junit.jupiter.engine.execution.InvocationInterceptorChain.proceed(Lorg/junit/jupiter/api/extension/InvocationInterceptor$Invocation;)Ljava/lang/Object;+1
j  org.junit.jupiter.engine.execution.InvocationInterceptorChain.chainAndInvoke(Lorg/junit/jupiter/api/extension/InvocationInterceptor$Invocation;Lorg/junit/jupiter/engine/execution/InvocationInterceptorChain$InterceptorCall;Ljava/util/List;)Ljava/lang/Object;+24
j  org.junit.jupiter.engine.execution.InvocationInterceptorChain.invoke(Lorg/junit/jupiter/api/extension/InvocationInterceptor$Invocation;Lorg/junit/jupiter/engine/extension/ExtensionRegistry;Lorg/junit/jupiter/engine/execution/InvocationInterceptorChain$InterceptorCall;)Ljava/lang/Object;+31
j  org.junit.jupiter.engine.execution.InterceptingExecutableInvoker.invoke(Lorg/junit/jupiter/api/extension/InvocationInterceptor$Invocation;Lorg/junit/jupiter/api/extension/ReflectiveInvocationContext;Lorg/junit/jupiter/api/extension/ExtensionContext;Lorg/junit/jupiter/engine/extension/ExtensionRegistry;Lorg/junit/jupiter/engine/execution/InterceptingExecutableInvoker$ReflectiveInterceptorCall;)Ljava/lang/Object;+15
j  org.junit.jupiter.engine.execution.InterceptingExecutableInvoker.invoke(Ljava/lang/reflect/Method;Ljava/lang/Object;Lorg/junit/jupiter/api/extension/ExtensionContext;Lorg/junit/jupiter/engine/extension/ExtensionRegistry;Lorg/junit/jupiter/engine/execution/InterceptingExecutableInvoker$ReflectiveInterceptorCall;)Ljava/lang/Object;+55
j  org.junit.jupiter.engine.descriptor.TestMethodTestDescriptor.lambda$invokeTestMethod$8(Lorg/junit/jupiter/api/extension/ExtensionContext;Lorg/junit/jupiter/engine/execution/JupiterEngineExecutionContext;)V+28
j  org.junit.jupiter.engine.descriptor.TestMethodTestDescriptor$$Lambda+0x000001a9810aea78.execute()V+12
j  org.junit.platform.engine.support.hierarchical.ThrowableCollector.execute(Lorg/junit/platform/engine/support/hierarchical/ThrowableCollector$Executable;)V+1
j  org.junit.jupiter.engine.descriptor.TestMethodTestDescriptor.invokeTestMethod(Lorg/junit/jupiter/engine/execution/JupiterEngineExecutionContext;Lorg/junit/platform/engine/support/hierarchical/Node$DynamicTestExecutor;)V+21
j  org.junit.jupiter.engine.descriptor.TestMethodTestDescriptor.execute(Lorg/junit/jupiter/engine/execution/JupiterEngineExecutionContext;Lorg/junit/platform/engine/support/hierarchical/Node$DynamicTestExecutor;)Lorg/junit/jupiter/engine/execution/JupiterEngineExecutionContext;+44
j  org.junit.jupiter.engine.descriptor.TestMethodTestDescriptor.execute(Lorg/junit/platform/engine/support/hierarchical/EngineExecutionContext;Lorg/junit/platform/engine/support/hierarchical/Node$DynamicTestExecutor;)Lorg/junit/platform/engine/support/hierarchical/EngineExecutionContext;+6
j  org.junit.platform.engine.support.hierarchical.NodeTestTask.lambda$executeRecursively$6()V+79
j  org.junit.platform.engine.support.hierarchical.NodeTestTask$$Lambda+0x000001a981094800.execute()V+4
j  org.junit.platform.engine.support.hierarchical.ThrowableCollector.execute(Lorg/junit/platform/engine/support/hierarchical/ThrowableCollector$Executable;)V+1
j  org.junit.platform.engine.support.hierarchical.NodeTestTask.lambda$executeRecursively$8(Lorg/junit/platform/engine/support/hierarchical/EngineExecutionContext;)V+15
j  org.junit.platform.engine.support.hierarchical.NodeTestTask$$Lambda+0x000001a981095c88.invoke(Lorg/junit/platform/engine/support/hierarchical/EngineExecutionContext;)V+5
j  org.junit.platform.engine.support.hierarchical.Node.around(Lorg/junit/platform/engine/support/hierarchical/EngineExecutionContext;Lorg/junit/platform/engine/support/hierarchical/Node$Invocation;)V+2
j  org.junit.platform.engine.support.hierarchical.NodeTestTask.lambda$executeRecursively$9()V+14
j  org.junit.platform.engine.support.hierarchical.NodeTestTask$$Lambda+0x000001a981095880.execute()V+4
j  org.junit.platform.engine.support.hierarchical.ThrowableCollector.execute(Lorg/junit/platform/engine/support/hierarchical/ThrowableCollector$Executable;)V+1
j  org.junit.platform.engine.support.hierarchical.NodeTestTask.executeRecursively()V+31
j  org.junit.platform.engine.support.hierarchical.NodeTestTask.execute()V+55
j  org.junit.platform.engine.support.hierarchical.SameThreadHierarchicalTestExecutorService$$Lambda+0x000001a981098228.accept(Ljava/lang/Object;)V+4
j  java.util.ArrayList.forEach(Ljava/util/function/Consumer;)V+46 java.base@21.0.5
j  org.junit.platform.engine.support.hierarchical.SameThreadHierarchicalTestExecutorService.invokeAll(Ljava/util/List;)V+6
j  org.junit.platform.engine.support.hierarchical.NodeTestTask.lambda$executeRecursively$6()V+116
j  org.junit.platform.engine.support.hierarchical.NodeTestTask$$Lambda+0x000001a981094800.execute()V+4
j  org.junit.platform.engine.support.hierarchical.ThrowableCollector.execute(Lorg/junit/platform/engine/support/hierarchical/ThrowableCollector$Executable;)V+1
j  org.junit.platform.engine.support.hierarchical.NodeTestTask.lambda$executeRecursively$8(Lorg/junit/platform/engine/support/hierarchical/EngineExecutionContext;)V+15
j  org.junit.platform.engine.support.hierarchical.NodeTestTask$$Lambda+0x000001a981095c88.invoke(Lorg/junit/platform/engine/support/hierarchical/EngineExecutionContext;)V+5
j  org.junit.platform.engine.support.hierarchical.Node.around(Lorg/junit/platform/engine/support/hierarchical/EngineExecutionContext;Lorg/junit/platform/engine/support/hierarchical/Node$Invocation;)V+2
j  org.junit.platform.engine.support.hierarchical.NodeTestTask.lambda$executeRecursively$9()V+14
j  org.junit.platform.engine.support.hierarchical.NodeTestTask$$Lambda+0x000001a981095880.execute()V+4
j  org.junit.platform.engine.support.hierarchical.ThrowableCollector.execute(Lorg/junit/platform/engine/support/hierarchical/ThrowableCollector$Executable;)V+1
j  org.junit.platform.engine.support.hierarchical.NodeTestTask.executeRecursively()V+31
j  org.junit.platform.engine.support.hierarchical.NodeTestTask.execute()V+55
j  org.junit.platform.engine.support.hierarchical.SameThreadHierarchicalTestExecutorService$$Lambda+0x000001a981098228.accept(Ljava/lang/Object;)V+4
j  java.util.ArrayList.forEach(Ljava/util/function/Consumer;)V+46 java.base@21.0.5
j  org.junit.platform.engine.support.hierarchical.SameThreadHierarchicalTestExecutorService.invokeAll(Ljava/util/List;)V+6
j  org.junit.platform.engine.support.hierarchical.NodeTestTask.lambda$executeRecursively$6()V+116
j  org.junit.platform.engine.support.hierarchical.NodeTestTask$$Lambda+0x000001a981094800.execute()V+4
j  org.junit.platform.engine.support.hierarchical.ThrowableCollector.execute(Lorg/junit/platform/engine/support/hierarchical/ThrowableCollector$Executable;)V+1
j  org.junit.platform.engine.support.hierarchical.NodeTestTask.lambda$executeRecursively$8(Lorg/junit/platform/engine/support/hierarchical/EngineExecutionContext;)V+15
j  org.junit.platform.engine.support.hierarchical.NodeTestTask$$Lambda+0x000001a981095c88.invoke(Lorg/junit/platform/engine/support/hierarchical/EngineExecutionContext;)V+5
j  org.junit.platform.engine.support.hierarchical.Node.around(Lorg/junit/platform/engine/support/hierarchical/EngineExecutionContext;Lorg/junit/platform/engine/support/hierarchical/Node$Invocation;)V+2
j  org.junit.platform.engine.support.hierarchical.NodeTestTask.lambda$executeRecursively$9()V+14
j  org.junit.platform.engine.support.hierarchical.NodeTestTask$$Lambda+0x000001a981095880.execute()V+4
j  org.junit.platform.engine.support.hierarchical.ThrowableCollector.execute(Lorg/junit/platform/engine/support/hierarchical/ThrowableCollector$Executable;)V+1
j  org.junit.platform.engine.support.hierarchical.NodeTestTask.executeRecursively()V+31
j  org.junit.platform.engine.support.hierarchical.NodeTestTask.execute()V+55
j  org.junit.platform.engine.support.hierarchical.SameThreadHierarchicalTestExecutorService.submit(Lorg/junit/platform/engine/support/hierarchical/HierarchicalTestExecutorService$TestTask;)Ljava/util/concurrent/Future;+1
j  org.junit.platform.engine.support.hierarchical.HierarchicalTestExecutor.execute()Ljava/util/concurrent/Future;+74
j  org.junit.platform.engine.support.hierarchical.HierarchicalTestEngine.execute(Lorg/junit/platform/engine/ExecutionRequest;)V+31
j  org.junit.platform.launcher.core.EngineExecutionOrchestrator.execute(Lorg/junit/platform/engine/TestDescriptor;Lorg/junit/platform/engine/EngineExecutionListener;Lorg/junit/platform/engine/ConfigurationParameters;Lorg/junit/platform/engine/TestEngine;)V+24
j  org.junit.platform.launcher.core.EngineExecutionOrchestrator.execute(Lorg/junit/platform/launcher/core/LauncherDiscoveryResult;Lorg/junit/platform/engine/EngineExecutionListener;)V+115
j  org.junit.platform.launcher.core.EngineExecutionOrchestrator.execute(Lorg/junit/platform/launcher/core/InternalTestPlan;Lorg/junit/platform/engine/EngineExecutionListener;Lorg/junit/platform/launcher/TestExecutionListener;)V+55
j  org.junit.platform.launcher.core.EngineExecutionOrchestrator.lambda$execute$0(Lorg/junit/platform/launcher/core/InternalTestPlan;Lorg/junit/platform/launcher/TestExecutionListener;)V+6
j  org.junit.platform.launcher.core.EngineExecutionOrchestrator$$Lambda+0x000001a9810869c8.accept(Ljava/lang/Object;)V+12
j  org.junit.platform.launcher.core.EngineExecutionOrchestrator.withInterceptedStreams(Lorg/junit/platform/engine/ConfigurationParameters;Lorg/junit/platform/launcher/core/ListenerRegistry;Ljava/util/function/Consumer;)V+51
j  org.junit.platform.launcher.core.EngineExecutionOrchestrator.execute(Lorg/junit/platform/launcher/core/InternalTestPlan;[Lorg/junit/platform/launcher/TestExecutionListener;)V+23
j  org.junit.platform.launcher.core.DefaultLauncher.execute(Lorg/junit/platform/launcher/core/InternalTestPlan;[Lorg/junit/platform/launcher/TestExecutionListener;)V+6
j  org.junit.platform.launcher.core.DefaultLauncher.execute(Lorg/junit/platform/launcher/TestPlan;[Lorg/junit/platform/launcher/TestExecutionListener;)V+36
j  org.junit.platform.launcher.core.DelegatingLauncher.execute(Lorg/junit/platform/launcher/TestPlan;[Lorg/junit/platform/launcher/TestExecutionListener;)V+6
j  org.junit.platform.launcher.core.SessionPerRequestLauncher.execute(Lorg/junit/platform/launcher/TestPlan;[Lorg/junit/platform/launcher/TestExecutionListener;)V+13
j  org.eclipse.jdt.internal.junit5.runner.JUnit5TestReference.run(Lorg/eclipse/jdt/internal/junit/runner/TestExecution;)V+77
j  org.eclipse.jdt.internal.junit.runner.TestExecution.run([Lorg/eclipse/jdt/internal/junit/runner/ITestReference;)V+27
j  org.eclipse.jdt.internal.junit.runner.RemoteTestRunner.runTests([Ljava/lang/String;Ljava/lang/String;Lorg/eclipse/jdt/internal/junit/runner/TestExecution;)V+62
j  org.eclipse.jdt.internal.junit.runner.RemoteTestRunner.runTests(Lorg/eclipse/jdt/internal/junit/runner/TestExecution;)V+10
j  org.eclipse.jdt.internal.junit.runner.RemoteTestRunner.run()V+70
j  org.eclipse.jdt.internal.junit.runner.RemoteTestRunner.main([Ljava/lang/String;)V+14
v  ~StubRoutines::call_stub 0x000001a9e0f5100d

siginfo: EXCEPTION_ACCESS_VIOLATION (0xc0000005), reading address 0x00000000000002d8


Registers:
RAX=0x000001a9fa75aa40, RBX=0x000001a9f66a00e0, RCX=0x0000000000000001, RDX=0x000001a9fa756a1c
RSP=0x0000009f604fc3d8, RBP=0x0000009f604fc460, RSI=0x000001a9f63037e8, RDI=0x000001a9e0f58860
R8 =0x0000000000000001, R9 =0x000001a9fa756a1c, R10=0x0000000000000000, R11=0x00000006243ce418
R12=0x0000000000000000, R13=0x000001a9f66a00e0, R14=0x0000009f604fc490, R15=0x000001a9d3c927f0
RIP=0x00007fffb26cc75d, EFLAGS=0x0000000000010202


Register to memory mapping:

RAX=0x000001a9fa75aa40 points into unknown readable memory: 0x0000000000000000 | 00 00 00 00 00 00 00 00
RBX={method} {0x000001a9f66a00e8} 'nglGenTextures' '(IJ)V' in 'org/lwjgl/opengl/GL11C'
RCX=0x0000000000000001 is an unknown value
RDX=0x000001a9fa756a1c points into unknown readable memory: 00 00 00 00
RSP=0x0000009f604fc3d8 is pointing into the stack for thread: 0x000001a9d3c927f0
RBP=0x0000009f604fc460 is pointing into the stack for thread: 0x000001a9d3c927f0
RSI=0x000001a9f63037e8 is pointing into metadata
RDI=0x000001a9e0f58860 is at code_begin+1184 in an Interpreter codelet
return entry points  [0x000001a9e0f583c0, 0x000001a9e0f58f60]  2976 bytes
R8 =0x0000000000000001 is an unknown value
R9 =0x000001a9fa756a1c points into unknown readable memory: 00 00 00 00
R10=0x0 is null
R11=0x00000006243ce418 is an oop: java.lang.Class 
{0x00000006243ce418} - klass: 'java/lang/Class'
 - ---- fields (total size 116 words):
 - private volatile transient 'classRedefinedCount' 'I' @12  0 (0x00000000)
 - injected 'klass' 'J' @16  1827526147032 (0x000001a9810bfbd8)
 - injected 'array_klass' 'J' @24  0 (0x0000000000000000)
 - injected 'oop_size' 'I' @32  116 (0x00000074)
 - injected 'static_oop_field_count' 'I' @36  0 (0x00000000)
 - private volatile transient 'cachedConstructor' 'Ljava/lang/reflect/Constructor;' @40  null (0x00000000)
 - private transient 'name' 'Ljava/lang/String;' @44  "org.lwjgl.opengl.GL11C"{0x00000006243ce7c8} (0xc4879cf9)
 - private transient 'module' 'Ljava/lang/Module;' @48  a 'java/lang/Module'{0x00000006250693c8} (0xc4a0d279)
 - private final 'classLoader' 'Ljava/lang/ClassLoader;' @52  a 'jdk/internal/loader/ClassLoaders$AppClassLoader'{0x0000000625069208} (0xc4a0d241)
 - private transient 'classData' 'Ljava/lang/Object;' @56  null (0x00000000)
 - private transient 'packageName' 'Ljava/lang/String;' @60  "org.lwjgl.opengl"{0x000000062431e2d8} (0xc4863c5b)
 - private final 'componentType' 'Ljava/lang/Class;' @64  null (0x00000000)
 - private volatile transient 'reflectionData' 'Ljava/lang/ref/SoftReference;' @68  null (0x00000000)
 - private volatile transient 'genericInfo' 'Lsun/reflect/generics/repository/ClassRepository;' @72  null (0x00000000)
 - private volatile transient 'enumConstants' '[Ljava/lang/Object;' @76  null (0x00000000)
 - private volatile transient 'enumConstantDirectory' 'Ljava/util/Map;' @80  null (0x00000000)
 - private volatile transient 'annotationData' 'Ljava/lang/Class$AnnotationData;' @84  null (0x00000000)
 - private volatile transient 'annotationType' 'Lsun/reflect/annotation/AnnotationType;' @88  null (0x00000000)
 - transient 'classValueMap' 'Ljava/lang/ClassValue$ClassValueMap;' @92  null (0x00000000)
 - injected 'protection_domain' 'Ljava/lang/Object;' @96  a 'java/security/ProtectionDomain'{0x000000062435dcd0} (0xc486bb9a)
 - injected 'signers_name' 'Ljava/lang/Object;' @100  null (0x00000000)
 - injected 'source_file' 'Ljava/lang/Object;' @104  null (0x00000000)
 - injected '<init_lock>' 'Ljava/lang/Object;' @108  null (0x00000000)
 - signature: Lorg/lwjgl/opengl/GL11C;
 - ---- static fields (0):
 - public static final 'GL_NEVER' 'I' @112  512 (0x00000200)
 - public static final 'GL_LESS' 'I' @116  513 (0x00000201)
 - public static final 'GL_EQUAL' 'I' @120  514 (0x00000202)
 - public static final 'GL_LEQUAL' 'I' @124  515 (0x00000203)
 - public static final 'GL_GREATER' 'I' @128  516 (0x00000204)
 - public static final 'GL_NOTEQUAL' 'I' @132  517 (0x00000205)
 - public static final 'GL_GEQUAL' 'I' @136  518 (0x00000206)
 - public static final 'GL_ALWAYS' 'I' @140  519 (0x00000207)
 - public static final 'GL_DEPTH_BUFFER_BIT' 'I' @144  256 (0x00000100)
 - public static final 'GL_STENCIL_BUFFER_BIT' 'I' @148  1024 (0x00000400)
 - public static final 'GL_COLOR_BUFFER_BIT' 'I' @152  16384 (0x00004000)
 - public static final 'GL_POINTS' 'I' @156  0 (0x00000000)
 - public static final 'GL_LINES' 'I' @160  1 (0x00000001)
 - public static final 'GL_LINE_LOOP' 'I' @164  2 (0x00000002)
 - public static final 'GL_LINE_STRIP' 'I' @168  3 (0x00000003)
 - public static final 'GL_TRIANGLES' 'I' @172  4 (0x00000004)
 - public static final 'GL_TRIANGLE_STRIP' 'I' @176  5 (0x00000005)
 - public static final 'GL_TRIANGLE_FAN' 'I' @180  6 (0x00000006)
 - public static final 'GL_QUADS' 'I' @184  7 (0x00000007)
 - public static final 'GL_ZERO' 'I' @188  0 (0x00000000)
 - public static final 'GL_ONE' 'I' @192  1 (0x00000001)
 - public static final 'GL_SRC_COLOR' 'I' @196  768 (0x00000300)
 - public static final 'GL_ONE_MINUS_SRC_COLOR' 'I' @200  769 (0x00000301)
 - public static final 'GL_SRC_ALPHA' 'I' @204  770 (0x00000302)
 - public static final 'GL_ONE_MINUS_SRC_ALPHA' 'I' @208  771 (0x00000303)
 - public static final 'GL_DST_ALPHA' 'I' @212  772 (0x00000304)
 - public static final 'GL_ONE_MINUS_DST_ALPHA' 'I' @216  773 (0x00000305)
 - public static final 'GL_DST_COLOR' 'I' @220  774 (0x00000306)
 - public static final 'GL_ONE_MINUS_DST_COLOR' 'I' @224  775 (0x00000307)
 - public static final 'GL_SRC_ALPHA_SATURATE' 'I' @228  776 (0x00000308)
 - public static final 'GL_TRUE' 'I' @232  1 (0x00000001)
 - public static final 'GL_FALSE' 'I' @236  0 (0x00000000)
 - public static final 'GL_BYTE' 'I' @240  5120 (0x00001400)
 - public static final 'GL_UNSIGNED_BYTE' 'I' @244  5121 (0x00001401)
 - public static final 'GL_SHORT' 'I' @248  5122 (0x00001402)
 - public static final 'GL_UNSIGNED_SHORT' 'I' @252  5123 (0x00001403)
 - public static final 'GL_INT' 'I' @256  5124 (0x00001404)
 - public static final 'GL_UNSIGNED_INT' 'I' @260  5125 (0x00001405)
 - public static final 'GL_FLOAT' 'I' @264  5126 (0x00001406)
 - public static final 'GL_DOUBLE' 'I' @268  5130 (0x0000140a)
 - public static final 'GL_NONE' 'I' @272  0 (0x00000000)
 - public static final 'GL_FRONT_LEFT' 'I' @276  1024 (0x00000400)
 - public static final 'GL_FRONT_RIGHT' 'I' @280  1025 (0x00000401)
 - public static final 'GL_BACK_LEFT' 'I' @284  1026 (0x00000402)
 - public static final 'GL_BACK_RIGHT' 'I' @288  1027 (0x00000403)
 - public static final 'GL_FRONT' 'I' @292  1028 (0x00000404)
 - public static final 'GL_BACK' 'I' @296  1029 (0x00000405)
 - public static final 'GL_LEFT' 'I' @300  1030 (0x00000406)
 - public static final 'GL_RIGHT' 'I' @304  1031 (0x00000407)
 - public static final 'GL_FRONT_AND_BACK' 'I' @308  1032 (0x00000408)
 - public static final 'GL_NO_ERROR' 'I' @312  0 (0x00000000)
 - public static final 'GL_INVALID_ENUM' 'I' @316  1280 (0x00000500)
 - public static final 'GL_INVALID_VALUE' 'I' @320  1281 (0x00000501)
 - public static final 'GL_INVALID_OPERATION' 'I' @324  1282 (0x00000502)
 - public static final 'GL_STACK_OVERFLOW' 'I' @328  1283 (0x00000503)
 - public static final 'GL_STACK_UNDERFLOW' 'I' @332  1284 (0x00000504)
 - public static final 'GL_OUT_OF_MEMORY' 'I' @336  1285 (0x00000505)
 - public static final 'GL_CW' 'I' @340  2304 (0x00000900)
 - public static final 'GL_CCW' 'I' @344  2305 (0x00000901)
 - public static final 'GL_POINT_SIZE' 'I' @348  2833 (0x00000b11)
 - public static final 'GL_POINT_SIZE_RANGE' 'I' @352  2834 (0x00000b12)
 - public static final 'GL_POINT_SIZE_GRANULARITY' 'I' @356  2835 (0x00000b13)
 - public static final 'GL_LINE_SMOOTH' 'I' @360  2848 (0x00000b20)
 - public static final 'GL_LINE_WIDTH' 'I' @364  2849 (0x00000b21)
 - public static final 'GL_LINE_WIDTH_RANGE' 'I' @368  2850 (0x00000b22)
 - public static final 'GL_LINE_WIDTH_GRANULARITY' 'I' @372  2851 (0x00000b23)
 - public static final 'GL_POLYGON_MODE' 'I' @376  2880 (0x00000b40)
 - public static final 'GL_POLYGON_SMOOTH' 'I' @380  2881 (0x00000b41)
 - public static final 'GL_CULL_FACE' 'I' @384  2884 (0x00000b44)
 - public static final 'GL_CULL_FACE_MODE' 'I' @388  2885 (0x00000b45)
 - public static final 'GL_FRONT_FACE' 'I' @392  2886 (0x00000b46)
 - public static final 'GL_DEPTH_RANGE' 'I' @396  2928 (0x00000b70)
 - public static final 'GL_DEPTH_TEST' 'I' @400  2929 (0x00000b71)
 - public static final 'GL_DEPTH_WRITEMASK' 'I' @404  2930 (0x00000b72)
 - public static final 'GL_DEPTH_CLEAR_VALUE' 'I' @408  2931 (0x00000b73)
 - public static final 'GL_DEPTH_FUNC' 'I' @412  2932 (0x00000b74)
 - public static final 'GL_STENCIL_TEST' 'I' @416  2960 (0x00000b90)
 - public static final 'GL_STENCIL_CLEAR_VALUE' 'I' @420  2961 (0x00000b91)
 - public static final 'GL_STENCIL_FUNC' 'I' @424  2962 (0x00000b92)
 - public static final 'GL_STENCIL_VALUE_MASK' 'I' @428  2963 (0x00000b93)
 - public static final 'GL_STENCIL_FAIL' 'I' @432  2964 (0x00000b94)
 - public static final 'GL_STENCIL_PASS_DEPTH_FAIL' 'I' @436  2965 (0x00000b95)
 - public static final 'GL_STENCIL_PASS_DEPTH_PASS' 'I' @440  2966 (0x00000b96)
 - public static final 'GL_STENCIL_REF' 'I' @444  2967 (0x00000b97)
 - public static final 'GL_STENCIL_WRITEMASK' 'I' @448  2968 (0x00000b98)
 - public static final 'GL_VIEWPORT' 'I' @452  2978 (0x00000ba2)
 - public static final 'GL_DITHER' 'I' @456  3024 (0x00000bd0)
 - public static final 'GL_BLEND_DST' 'I' @460  3040 (0x00000be0)
 - public static final 'GL_BLEND_SRC' 'I' @464  3041 (0x00000be1)
 - public static final 'GL_BLEND' 'I' @468  3042 (0x00000be2)
 - public static final 'GL_LOGIC_OP_MODE' 'I' @472  3056 (0x00000bf0)
 - public static final 'GL_COLOR_LOGIC_OP' 'I' @476  3058 (0x00000bf2)
 - public static final 'GL_DRAW_BUFFER' 'I' @480  3073 (0x00000c01)
 - public static final 'GL_READ_BUFFER' 'I' @484  3074 (0x00000c02)
 - public static final 'GL_SCISSOR_BOX' 'I' @488  3088 (0x00000c10)
 - public static final 'GL_SCISSOR_TEST' 'I' @492  3089 (0x00000c11)
 - public static final 'GL_COLOR_CLEAR_VALUE' 'I' @496  3106 (0x00000c22)
 - public static final 'GL_COLOR_WRITEMASK' 'I' @500  3107 (0x00000c23)
 - public static final 'GL_DOUBLEBUFFER' 'I' @504  3122 (0x00000c32)
 - public static final 'GL_STEREO' 'I' @508  3123 (0x00000c33)
 - public static final 'GL_LINE_SMOOTH_HINT' 'I' @512  3154 (0x00000c52)
 - public static final 'GL_POLYGON_SMOOTH_HINT' 'I' @516  3155 (0x00000c53)
 - public static final 'GL_UNPACK_SWAP_BYTES' 'I' @520  3312 (0x00000cf0)
 - public static final 'GL_UNPACK_LSB_FIRST' 'I' @524  3313 (0x00000cf1)
 - public static final 'GL_UNPACK_ROW_LENGTH' 'I' @528  3314 (0x00000cf2)
 - public static final 'GL_UNPACK_SKIP_ROWS' 'I' @532  3315 (0x00000cf3)
 - public static final 'GL_UNPACK_SKIP_PIXELS' 'I' @536  3316 (0x00000cf4)
 - public static final 'GL_UNPACK_ALIGNMENT' 'I' @540  3317 (0x00000cf5)
 - public static final 'GL_PACK_SWAP_BYTES' 'I' @544  3328 (0x00000d00)
 - public static final 'GL_PACK_LSB_FIRST' 'I' @548  3329 (0x00000d01)
 - public static final 'GL_PACK_ROW_LENGTH' 'I' @552  3330 (0x00000d02)
 - public static final 'GL_PACK_SKIP_ROWS' 'I' @556  3331 (0x00000d03)
 - public static final 'GL_PACK_SKIP_PIXELS' 'I' @560  3332 (0x00000d04)
 - public static final 'GL_PACK_ALIGNMENT' 'I' @564  3333 (0x00000d05)
 - public static final 'GL_MAX_TEXTURE_SIZE' 'I' @568  3379 (0x00000d33)
 - public static final 'GL_MAX_VIEWPORT_DIMS' 'I' @572  3386 (0x00000d3a)
 - public static final 'GL_SUBPIXEL_BITS' 'I' @576  3408 (0x00000d50)
 - public static final 'GL_TEXTURE_1D' 'I' @580  3552 (0x00000de0)
 - public static final 'GL_TEXTURE_2D' 'I' @584  3553 (0x00000de1)
 - public static final 'GL_TEXTURE_WIDTH' 'I' @588  4096 (0x00001000)
 - public static final 'GL_TEXTURE_HEIGHT' 'I' @592  4097 (0x00001001)
 - public static final 'GL_TEXTURE_INTERNAL_FORMAT' 'I' @596  4099 (0x00001003)
 - public static final 'GL_TEXTURE_BORDER_COLOR' 'I' @600  4100 (0x00001004)
 - public static final 'GL_DONT_CARE' 'I' @604  4352 (0x00001100)
 - public static final 'GL_FASTEST' 'I' @608  4353 (0x00001101)
 - public static final 'GL_NICEST' 'I' @612  4354 (0x00001102)
 - public static final 'GL_CLEAR' 'I' @616  5376 (0x00001500)
 - public static final 'GL_AND' 'I' @620  5377 (0x00001501)
 - public static final 'GL_AND_REVERSE' 'I' @624  5378 (0x00001502)
 - public static final 'GL_COPY' 'I' @628  5379 (0x00001503)
 - public static final 'GL_AND_INVERTED' 'I' @632  5380 (0x00001504)
 - public static final 'GL_NOOP' 'I' @636  5381 (0x00001505)
 - public static final 'GL_XOR' 'I' @640  5382 (0x00001506)
 - public static final 'GL_OR' 'I' @644  5383 (0x00001507)
 - public static final 'GL_NOR' 'I' @648  5384 (0x00001508)
 - public static final 'GL_EQUIV' 'I' @652  5385 (0x00001509)
 - public static final 'GL_INVERT' 'I' @656  5386 (0x0000150a)
 - public static final 'GL_OR_REVERSE' 'I' @660  5387 (0x0000150b)
 - public static final 'GL_COPY_INVERTED' 'I' @664  5388 (0x0000150c)
 - public static final 'GL_OR_INVERTED' 'I' @668  5389 (0x0000150d)
 - public static final 'GL_NAND' 'I' @672  5390 (0x0000150e)
 - public static final 'GL_SET' 'I' @676  5391 (0x0000150f)
 - public static final 'GL_TEXTURE' 'I' @680  5890 (0x00001702)
 - public static final 'GL_COLOR' 'I' @684  6144 (0x00001800)
 - public static final 'GL_DEPTH' 'I' @688  6145 (0x00001801)
 - public static final 'GL_STENCIL' 'I' @692  6146 (0x00001802)
 - public static final 'GL_STENCIL_INDEX' 'I' @696  6401 (0x00001901)
 - public static final 'GL_DEPTH_COMPONENT' 'I' @700  6402 (0x00001902)
 - public static final 'GL_RED' 'I' @704  6403 (0x00001903)
 - public static final 'GL_GREEN' 'I' @708  6404 (0x00001904)
 - public static final 'GL_BLUE' 'I' @712  6405 (0x00001905)
 - public static final 'GL_ALPHA' 'I' @716  6406 (0x00001906)
 - public static final 'GL_RGB' 'I' @720  6407 (0x00001907)
 - public static final 'GL_RGBA' 'I' @724  6408 (0x00001908)
 - public static final 'GL_POINT' 'I' @728  6912 (0x00001b00)
 - public static final 'GL_LINE' 'I' @732  6913 (0x00001b01)
 - public static final 'GL_FILL' 'I' @736  6914 (0x00001b02)
 - public static final 'GL_KEEP' 'I' @740  7680 (0x00001e00)
 - public static final 'GL_REPLACE' 'I' @744  7681 (0x00001e01)
 - public static final 'GL_INCR' 'I' @748  7682 (0x00001e02)
 - public static final 'GL_DECR' 'I' @752  7683 (0x00001e03)
 - public static final 'GL_VENDOR' 'I' @756  7936 (0x00001f00)
 - public static final 'GL_RENDERER' 'I' @760  7937 (0x00001f01)
 - public static final 'GL_VERSION' 'I' @764  7938 (0x00001f02)
 - public static final 'GL_EXTENSIONS' 'I' @768  7939 (0x00001f03)
 - public static final 'GL_NEAREST' 'I' @772  9728 (0x00002600)
 - public static final 'GL_LINEAR' 'I' @776  9729 (0x00002601)
 - public static final 'GL_NEAREST_MIPMAP_NEAREST' 'I' @780  9984 (0x00002700)
 - public static final 'GL_LINEAR_MIPMAP_NEAREST' 'I' @784  9985 (0x00002701)
 - public static final 'GL_NEAREST_MIPMAP_LINEAR' 'I' @788  9986 (0x00002702)
 - public static final 'GL_LINEAR_MIPMAP_LINEAR' 'I' @792  9987 (0x00002703)
 - public static final 'GL_TEXTURE_MAG_FILTER' 'I' @796  10240 (0x00002800)
 - public static final 'GL_TEXTURE_MIN_FILTER' 'I' @800  10241 (0x00002801)
 - public static final 'GL_TEXTURE_WRAP_S' 'I' @804  10242 (0x00002802)
 - public static final 'GL_TEXTURE_WRAP_T' 'I' @808  10243 (0x00002803)
 - public static final 'GL_REPEAT' 'I' @812  10497 (0x00002901)
 - public static final 'GL_POLYGON_OFFSET_FACTOR' 'I' @816  32824 (0x00008038)
 - public static final 'GL_POLYGON_OFFSET_UNITS' 'I' @820  10752 (0x00002a00)
 - public static final 'GL_POLYGON_OFFSET_POINT' 'I' @824  10753 (0x00002a01)
 - public static final 'GL_POLYGON_OFFSET_LINE' 'I' @828  10754 (0x00002a02)
 - public static final 'GL_POLYGON_OFFSET_FILL' 'I' @832  32823 (0x00008037)
 - public static final 'GL_R3_G3_B2' 'I' @836  10768 (0x00002a10)
 - public static final 'GL_RGB4' 'I' @840  32847 (0x0000804f)
 - public static final 'GL_RGB5' 'I' @844  32848 (0x00008050)
 - public static final 'GL_RGB8' 'I' @848  32849 (0x00008051)
 - public static final 'GL_RGB10' 'I' @852  32850 (0x00008052)
 - public static final 'GL_RGB12' 'I' @856  32851 (0x00008053)
 - public static final 'GL_RGB16' 'I' @860  32852 (0x00008054)
 - public static final 'GL_RGBA2' 'I' @864  32853 (0x00008055)
 - public static final 'GL_RGBA4' 'I' @868  32854 (0x00008056)
 - public static final 'GL_RGB5_A1' 'I' @872  32855 (0x00008057)
 - public static final 'GL_RGBA8' 'I' @876  32856 (0x00008058)
 - public static final 'GL_RGB10_A2' 'I' @880  32857 (0x00008059)
 - public static final 'GL_RGBA12' 'I' @884  32858 (0x0000805a)
 - public static final 'GL_RGBA16' 'I' @888  32859 (0x0000805b)
 - public static final 'GL_TEXTURE_RED_SIZE' 'I' @892  32860 (0x0000805c)
 - public static final 'GL_TEXTURE_GREEN_SIZE' 'I' @896  32861 (0x0000805d)
 - public static final 'GL_TEXTURE_BLUE_SIZE' 'I' @900  32862 (0x0000805e)
 - public static final 'GL_TEXTURE_ALPHA_SIZE' 'I' @904  32863 (0x0000805f)
 - public static final 'GL_PROXY_TEXTURE_1D' 'I' @908  32867 (0x00008063)
 - public static final 'GL_PROXY_TEXTURE_2D' 'I' @912  32868 (0x00008064)
 - public static final 'GL_TEXTURE_BINDING_1D' 'I' @916  32872 (0x00008068)
 - public static final 'GL_TEXTURE_BINDING_2D' 'I' @920  32873 (0x00008069)
 - public static final 'GL_VERTEX_ARRAY' 'I' @924  32884 (0x00008074)
R12=0x0 is null
R13={method} {0x000001a9f66a00e8} 'nglGenTextures' '(IJ)V' in 'org/lwjgl/opengl/GL11C'
R14=0x0000009f604fc490 is pointing into the stack for thread: 0x000001a9d3c927f0
R15=0x000001a9d3c927f0 is a thread

Top of Stack: (sp=0x0000009f604fc3d8)
0x0000009f604fc3d8:   000001a9e0f5ce4b 000001a9e0f58860
0x0000009f604fc3e8:   000001a9e0f5cb37 000001a9f66a00e0
0x0000009f604fc3f8:   000001a9f63037e8 0000009f604fc478
0x0000009f604fc408:   000001a9e0f5893e 000001a9e0f5cadf
0x0000009f604fc418:   0000009f604fc418 000001a9f66a00e0
0x0000009f604fc428:   0000000000000006 000001a9f66aabf8
0x0000009f604fc438:   0000000000000000 00000006243ce418
0x0000009f604fc448:   000001a9f66a00e0 0000000000000000
0x0000009f604fc458:   0000009f604fc480 0000009f604fc4e0
0x0000009f604fc468:   000001a9e0f58860 00000006243ce418
0x0000009f604fc478:   000001a9e0f5a3d7 000001a9fa756a1c
0x0000009f604fc488:   0000000000000000 0000000000000001
0x0000009f604fc498:   0000009f604fc498 000001a9f66a024c
0x0000009f604fc4a8:   0000000000000006 000001a9f66aabf8
0x0000009f604fc4b8:   0000000000000000 00000006243ce418
0x0000009f604fc4c8:   000001a9f66a02b8 0000009f604fc480
0x0000009f604fc4d8:   0000009f604fc518 0000009f604fc560
0x0000009f604fc4e8:   000001a9e0f58988 0000000000000000
0x0000009f604fc4f8:   0000000000000000 00000006243d7008
0x0000009f604fc508:   0000000000010000 000000062431d020
0x0000009f604fc518:   0000009f604fc518 000001a9f6662be0
0x0000009f604fc528:   0000000000000001 000001a9f6689498
0x0000009f604fc538:   0000000000000000 000000062435deb0
0x0000009f604fc548:   000001a9f6662bf8 0000009f604fc518
0x0000009f604fc558:   0000009f604fc570 0000009f604fc5c0
0x0000009f604fc568:   000001a9e0f58988 000000062413ead0
0x0000009f604fc578:   0000009f604fc578 000001a9f65df589
0x0000009f604fc588:   0000000000000003 000001a9f65e4408
0x0000009f604fc598:   0000000000000000 000000062413e848
0x0000009f604fc5a8:   000001a9f65df648 0000009f604fc570
0x0000009f604fc5b8:   0000009f604fc5d8 0000009f604fc628
0x0000009f604fc5c8:   000001a9e0f58988 0000000000000000 

Instructions: (pc=0x00007fffb26cc75d)
0x00007fffb26cc65d:   cc cc cc 48 8b 01 41 0f b6 c8 48 8b 50 18 48 ff
0x00007fffb26cc66d:   a2 d0 01 00 00 cc cc cc cc cc cc cc cc cc cc cc
0x00007fffb26cc67d:   cc cc cc 48 8b 01 0f 28 cb 0f 28 c2 48 8b 48 18
0x00007fffb26cc68d:   48 ff a1 d8 01 00 00 cc cc cc cc cc cc cc cc cc
0x00007fffb26cc69d:   cc cc cc 48 8b 01 45 8b d8 44 8b 44 24 28 41 8b
0x00007fffb26cc6ad:   d1 41 8b cb 4c 8b 50 18 49 ff a2 e8 01 00 00 cc
0x00007fffb26cc6bd:   cc cc cc 48 8b 01 41 8b c8 48 8b 50 18 48 ff a2
0x00007fffb26cc6cd:   f0 01 00 00 cc cc cc cc cc cc cc cc cc cc cc cc
0x00007fffb26cc6dd:   cc cc cc 40 53 48 8b 01 41 8b d8 44 8b 44 24 30
0x00007fffb26cc6ed:   41 8b d1 4c 8b 4c 24 38 8b cb 4c 8b 50 18 5b 49
0x00007fffb26cc6fd:   ff a2 f8 01 00 00 cc cc cc cc cc cc cc cc cc cc
0x00007fffb26cc70d:   cc cc cc 48 8b 01 48 8b 48 18 48 ff a1 98 02 00
0x00007fffb26cc71d:   00 cc cc 48 8b 01 48 8b 48 18 48 ff a1 a0 02 00
0x00007fffb26cc72d:   00 cc cc 48 8b 01 41 8b c8 48 8b 50 18 48 ff a2
0x00007fffb26cc73d:   c8 02 00 00 cc cc cc cc cc cc cc cc cc cc cc cc
0x00007fffb26cc74d:   cc cc cc 48 8b 01 49 8b d1 41 8b c8 4c 8b 50 18
0x00007fffb26cc75d:   49 ff a2 d8 02 00 00 cc cc cc cc cc cc cc cc cc
0x00007fffb26cc76d:   cc cc cc 48 8b 01 49 8b d1 41 8b c8 4c 8b 50 18
0x00007fffb26cc77d:   49 ff a2 e0 02 00 00 cc cc cc cc cc cc cc cc cc
0x00007fffb26cc78d:   cc cc cc 48 8b 01 49 8b d1 41 8b c8 4c 8b 50 18
0x00007fffb26cc79d:   49 ff a2 f0 02 00 00 cc cc cc cc cc cc cc cc cc
0x00007fffb26cc7ad:   cc cc cc 48 8b 01 49 8b d1 41 8b c8 4c 8b 50 18
0x00007fffb26cc7bd:   49 ff a2 f8 02 00 00 cc cc cc cc cc cc cc cc cc
0x00007fffb26cc7cd:   cc cc cc 48 8b 01 49 8b d1 41 8b c8 4c 8b 50 18
0x00007fffb26cc7dd:   49 ff a2 00 03 00 00 cc cc cc cc cc cc cc cc cc
0x00007fffb26cc7ed:   cc cc cc 48 8b 01 49 8b d1 41 8b c8 4c 8b 50 18
0x00007fffb26cc7fd:   49 ff a2 08 03 00 00 cc cc cc cc cc cc cc cc cc
0x00007fffb26cc80d:   cc cc cc 48 8b 01 48 8b 48 18 48 8b 81 10 03 00
0x00007fffb26cc81d:   00 48 ff e0 cc cc cc cc cc cc cc cc cc cc cc cc
0x00007fffb26cc82d:   cc cc cc 48 8b 01 49 8b d1 41 8b c8 4c 8b 50 18
0x00007fffb26cc83d:   49 ff a2 68 03 00 00 cc cc cc cc cc cc cc cc cc
0x00007fffb26cc84d:   cc cc cc 48 8b 01 48 8b 48 18 48 8b 81 78 03 00 


Stack slot to memory mapping:

stack at sp + 0 slots: 0x000001a9e0f5ce4b is at code_begin+1067 in an Interpreter codelet
native method entry point (kind = native)  [0x000001a9e0f5ca20, 0x000001a9e0f5d548]  2856 bytes
stack at sp + 1 slots: 0x000001a9e0f58860 is at code_begin+1184 in an Interpreter codelet
return entry points  [0x000001a9e0f583c0, 0x000001a9e0f58f60]  2976 bytes
stack at sp + 2 slots: 0x000001a9e0f5cb37 is at code_begin+279 in an Interpreter codelet
native method entry point (kind = native)  [0x000001a9e0f5ca20, 0x000001a9e0f5d548]  2856 bytes
stack at sp + 3 slots: {method} {0x000001a9f66a00e8} 'nglGenTextures' '(IJ)V' in 'org/lwjgl/opengl/GL11C'
stack at sp + 4 slots: 0x000001a9f63037e8 is pointing into metadata
stack at sp + 5 slots: 0x0000009f604fc478 is pointing into the stack for thread: 0x000001a9d3c927f0
stack at sp + 6 slots: 0x000001a9e0f5893e is at code_begin+1406 in an Interpreter codelet
return entry points  [0x000001a9e0f583c0, 0x000001a9e0f58f60]  2976 bytes
stack at sp + 7 slots: 0x000001a9e0f5cadf is at code_begin+191 in an Interpreter codelet
native method entry point (kind = native)  [0x000001a9e0f5ca20, 0x000001a9e0f5d548]  2856 bytes


---------------  P R O C E S S  ---------------

Threads class SMR info:
_java_thread_list=0x000001a9f5f3a2c0, length=13, elements={
0x000001a9d3c927f0, 0x000001a9f51fb200, 0x000001a9f51fbdb0, 0x000001a9f51fd970,
0x000001a9f51fe4f0, 0x000001a9f5b90080, 0x000001a9f5b91ae0, 0x000001a9f5b9fc00,
0x000001a9f5ba3b90, 0x000001a9f5cdcc10, 0x000001a9f5ce7450, 0x000001a9f5f738e0,
0x000001a9fa06e5d0
}

Java Threads: ( => current thread )
=>0x000001a9d3c927f0 JavaThread "main"                              [_thread_in_native, id=23700, stack(0x0000009f60400000,0x0000009f60500000) (1024K)]
  0x000001a9f51fb200 JavaThread "Reference Handler"          daemon [_thread_blocked, id=8060, stack(0x0000009f60c00000,0x0000009f60d00000) (1024K)]
  0x000001a9f51fbdb0 JavaThread "Finalizer"                  daemon [_thread_blocked, id=23264, stack(0x0000009f60d00000,0x0000009f60e00000) (1024K)]
  0x000001a9f51fd970 JavaThread "Signal Dispatcher"          daemon [_thread_blocked, id=21912, stack(0x0000009f60e00000,0x0000009f60f00000) (1024K)]
  0x000001a9f51fe4f0 JavaThread "Attach Listener"            daemon [_thread_blocked, id=17928, stack(0x0000009f60f00000,0x0000009f61000000) (1024K)]
  0x000001a9f5b90080 JavaThread "Service Thread"             daemon [_thread_blocked, id=2148, stack(0x0000009f61000000,0x0000009f61100000) (1024K)]
  0x000001a9f5b91ae0 JavaThread "Monitor Deflation Thread"   daemon [_thread_blocked, id=8628, stack(0x0000009f61100000,0x0000009f61200000) (1024K)]
  0x000001a9f5b9fc00 JavaThread "C2 CompilerThread0"         daemon [_thread_blocked, id=6364, stack(0x0000009f61200000,0x0000009f61300000) (1024K)]
  0x000001a9f5ba3b90 JavaThread "C1 CompilerThread0"         daemon [_thread_blocked, id=23940, stack(0x0000009f61300000,0x0000009f61400000) (1024K)]
  0x000001a9f5cdcc10 JavaThread "Notification Thread"        daemon [_thread_blocked, id=10892, stack(0x0000009f61400000,0x0000009f61500000) (1024K)]
  0x000001a9f5ce7450 JavaThread "Common-Cleaner"             daemon [_thread_blocked, id=18976, stack(0x0000009f61500000,0x0000009f61600000) (1024K)]
  0x000001a9f5f738e0 JavaThread "ReaderThread"                      [_thread_in_native, id=21308, stack(0x0000009f61600000,0x0000009f61700000) (1024K)]
  0x000001a9fa06e5d0 JavaThread "C2 CompilerThread1"         daemon [_thread_blocked, id=22272, stack(0x0000009f61700000,0x0000009f61800000) (1024K)]
Total: 13

Other Threads:
  0x000001a9f51e1140 VMThread "VM Thread"                           [id=20400, stack(0x0000009f60b00000,0x0000009f60c00000) (1024K)]
  0x000001a9f51d0c30 WatcherThread "VM Periodic Task Thread"        [id=16400, stack(0x0000009f60a00000,0x0000009f60b00000) (1024K)]
  0x000001a9d5fb4020 WorkerThread "GC Thread#0"                     [id=20664, stack(0x0000009f60500000,0x0000009f60600000) (1024K)]
  0x000001a9d5fc5550 ConcurrentGCThread "G1 Main Marker"            [id=20996, stack(0x0000009f60600000,0x0000009f60700000) (1024K)]
  0x000001a9d5fc6050 WorkerThread "G1 Conc#0"                       [id=20496, stack(0x0000009f60700000,0x0000009f60800000) (1024K)]
  0x000001a9f509eea0 ConcurrentGCThread "G1 Refine#0"               [id=336, stack(0x0000009f60800000,0x0000009f60900000) (1024K)]
  0x000001a9f509fa10 ConcurrentGCThread "G1 Service"                [id=12692, stack(0x0000009f60900000,0x0000009f60a00000) (1024K)]
Total: 7

Threads with active compile tasks:
Total: 0

VM state: not at safepoint (normal execution)

VM Mutex/Monitor currently owned by a thread: None

Heap address: 0x0000000605800000, size: 8104 MB, Compressed Oops mode: Zero based, Oop shift amount: 3

CDS archive(s) mapped at: [0x000001a980000000-0x000001a980c80000-0x000001a980c80000), size 13107200, SharedBaseAddress: 0x000001a980000000, ArchiveRelocationMode: 1.
Compressed class space mapped at: 0x000001a981000000-0x000001a9c1000000, reserved size: 1073741824
Narrow klass base: 0x000001a980000000, Narrow klass shift: 0, Narrow klass range: 0x100000000

GC Precious Log:
 CardTable entry size: 512
 Card Set container configuration: InlinePtr #cards 4 size 8 Array Of Cards #cards 32 size 80 Howl #buckets 8 coarsen threshold 7372 Howl Bitmap #cards 1024 size 144 coarsen threshold 921 Card regions per heap region 1 cards per card region 8192
 CPUs: 12 total, 12 available
 Memory: 32400M
 Large Page Support: Disabled
 NUMA Support: Disabled
 Compressed Oops: Enabled (Zero based)
 Heap Region Size: 4M
 Heap Min Capacity: 8M
 Heap Initial Capacity: 508M
 Heap Max Capacity: 8104M
 Pre-touch: Disabled
 Parallel Workers: 10
 Concurrent Workers: 3
 Concurrent Refinement Workers: 10
 Periodic GC: Disabled

Heap:
 garbage-first heap   total 520192K, used 16384K [0x0000000605800000, 0x0000000800000000)
  region size 4096K, 5 young (20480K), 0 survivors (0K)
 Metaspace       used 6542K, committed 6784K, reserved 1114112K
  class space    used 752K, committed 832K, reserved 1048576K

Heap Regions: E=young(eden), S=young(survivor), O=old, HS=humongous(starts), HC=humongous(continues), CS=collection set, F=free, TAMS=top-at-mark-start, PB=parsable bottom
|   0|0x0000000605800000, 0x0000000605800000, 0x0000000605c00000|  0%| F|  |TAMS 0x0000000605800000| PB 0x0000000605800000| Untracked 
|   1|0x0000000605c00000, 0x0000000605c00000, 0x0000000606000000|  0%| F|  |TAMS 0x0000000605c00000| PB 0x0000000605c00000| Untracked 
|   2|0x0000000606000000, 0x0000000606000000, 0x0000000606400000|  0%| F|  |TAMS 0x0000000606000000| PB 0x0000000606000000| Untracked 
|   3|0x0000000606400000, 0x0000000606400000, 0x0000000606800000|  0%| F|  |TAMS 0x0000000606400000| PB 0x0000000606400000| Untracked 
|   4|0x0000000606800000, 0x0000000606800000, 0x0000000606c00000|  0%| F|  |TAMS 0x0000000606800000| PB 0x0000000606800000| Untracked 
|   5|0x0000000606c00000, 0x0000000606c00000, 0x0000000607000000|  0%| F|  |TAMS 0x0000000606c00000| PB 0x0000000606c00000| Untracked 
|   6|0x0000000607000000, 0x0000000607000000, 0x0000000607400000|  0%| F|  |TAMS 0x0000000607000000| PB 0x0000000607000000| Untracked 
|   7|0x0000000607400000, 0x0000000607400000, 0x0000000607800000|  0%| F|  |TAMS 0x0000000607400000| PB 0x0000000607400000| Untracked 
|   8|0x0000000607800000, 0x0000000607800000, 0x0000000607c00000|  0%| F|  |TAMS 0x0000000607800000| PB 0x0000000607800000| Untracked 
|   9|0x0000000607c00000, 0x0000000607c00000, 0x0000000608000000|  0%| F|  |TAMS 0x0000000607c00000| PB 0x0000000607c00000| Untracked 
|  10|0x0000000608000000, 0x0000000608000000, 0x0000000608400000|  0%| F|  |TAMS 0x0000000608000000| PB 0x0000000608000000| Untracked 
|  11|0x0000000608400000, 0x0000000608400000, 0x0000000608800000|  0%| F|  |TAMS 0x0000000608400000| PB 0x0000000608400000| Untracked 
|  12|0x0000000608800000, 0x0000000608800000, 0x0000000608c00000|  0%| F|  |TAMS 0x0000000608800000| PB 0x0000000608800000| Untracked 
|  13|0x0000000608c00000, 0x0000000608c00000, 0x0000000609000000|  0%| F|  |TAMS 0x0000000608c00000| PB 0x0000000608c00000| Untracked 
|  14|0x0000000609000000, 0x0000000609000000, 0x0000000609400000|  0%| F|  |TAMS 0x0000000609000000| PB 0x0000000609000000| Untracked 
|  15|0x0000000609400000, 0x0000000609400000, 0x0000000609800000|  0%| F|  |TAMS 0x0000000609400000| PB 0x0000000609400000| Untracked 
|  16|0x0000000609800000, 0x0000000609800000, 0x0000000609c00000|  0%| F|  |TAMS 0x0000000609800000| PB 0x0000000609800000| Untracked 
|  17|0x0000000609c00000, 0x0000000609c00000, 0x000000060a000000|  0%| F|  |TAMS 0x0000000609c00000| PB 0x0000000609c00000| Untracked 
|  18|0x000000060a000000, 0x000000060a000000, 0x000000060a400000|  0%| F|  |TAMS 0x000000060a000000| PB 0x000000060a000000| Untracked 
|  19|0x000000060a400000, 0x000000060a400000, 0x000000060a800000|  0%| F|  |TAMS 0x000000060a400000| PB 0x000000060a400000| Untracked 
|  20|0x000000060a800000, 0x000000060a800000, 0x000000060ac00000|  0%| F|  |TAMS 0x000000060a800000| PB 0x000000060a800000| Untracked 
|  21|0x000000060ac00000, 0x000000060ac00000, 0x000000060b000000|  0%| F|  |TAMS 0x000000060ac00000| PB 0x000000060ac00000| Untracked 
|  22|0x000000060b000000, 0x000000060b000000, 0x000000060b400000|  0%| F|  |TAMS 0x000000060b000000| PB 0x000000060b000000| Untracked 
|  23|0x000000060b400000, 0x000000060b400000, 0x000000060b800000|  0%| F|  |TAMS 0x000000060b400000| PB 0x000000060b400000| Untracked 
|  24|0x000000060b800000, 0x000000060b800000, 0x000000060bc00000|  0%| F|  |TAMS 0x000000060b800000| PB 0x000000060b800000| Untracked 
|  25|0x000000060bc00000, 0x000000060bc00000, 0x000000060c000000|  0%| F|  |TAMS 0x000000060bc00000| PB 0x000000060bc00000| Untracked 
|  26|0x000000060c000000, 0x000000060c000000, 0x000000060c400000|  0%| F|  |TAMS 0x000000060c000000| PB 0x000000060c000000| Untracked 
|  27|0x000000060c400000, 0x000000060c400000, 0x000000060c800000|  0%| F|  |TAMS 0x000000060c400000| PB 0x000000060c400000| Untracked 
|  28|0x000000060c800000, 0x000000060c800000, 0x000000060cc00000|  0%| F|  |TAMS 0x000000060c800000| PB 0x000000060c800000| Untracked 
|  29|0x000000060cc00000, 0x000000060cc00000, 0x000000060d000000|  0%| F|  |TAMS 0x000000060cc00000| PB 0x000000060cc00000| Untracked 
|  30|0x000000060d000000, 0x000000060d000000, 0x000000060d400000|  0%| F|  |TAMS 0x000000060d000000| PB 0x000000060d000000| Untracked 
|  31|0x000000060d400000, 0x000000060d400000, 0x000000060d800000|  0%| F|  |TAMS 0x000000060d400000| PB 0x000000060d400000| Untracked 
|  32|0x000000060d800000, 0x000000060d800000, 0x000000060dc00000|  0%| F|  |TAMS 0x000000060d800000| PB 0x000000060d800000| Untracked 
|  33|0x000000060dc00000, 0x000000060dc00000, 0x000000060e000000|  0%| F|  |TAMS 0x000000060dc00000| PB 0x000000060dc00000| Untracked 
|  34|0x000000060e000000, 0x000000060e000000, 0x000000060e400000|  0%| F|  |TAMS 0x000000060e000000| PB 0x000000060e000000| Untracked 
|  35|0x000000060e400000, 0x000000060e400000, 0x000000060e800000|  0%| F|  |TAMS 0x000000060e400000| PB 0x000000060e400000| Untracked 
|  36|0x000000060e800000, 0x000000060e800000, 0x000000060ec00000|  0%| F|  |TAMS 0x000000060e800000| PB 0x000000060e800000| Untracked 
|  37|0x000000060ec00000, 0x000000060ec00000, 0x000000060f000000|  0%| F|  |TAMS 0x000000060ec00000| PB 0x000000060ec00000| Untracked 
|  38|0x000000060f000000, 0x000000060f000000, 0x000000060f400000|  0%| F|  |TAMS 0x000000060f000000| PB 0x000000060f000000| Untracked 
|  39|0x000000060f400000, 0x000000060f400000, 0x000000060f800000|  0%| F|  |TAMS 0x000000060f400000| PB 0x000000060f400000| Untracked 
|  40|0x000000060f800000, 0x000000060f800000, 0x000000060fc00000|  0%| F|  |TAMS 0x000000060f800000| PB 0x000000060f800000| Untracked 
|  41|0x000000060fc00000, 0x000000060fc00000, 0x0000000610000000|  0%| F|  |TAMS 0x000000060fc00000| PB 0x000000060fc00000| Untracked 
|  42|0x0000000610000000, 0x0000000610000000, 0x0000000610400000|  0%| F|  |TAMS 0x0000000610000000| PB 0x0000000610000000| Untracked 
|  43|0x0000000610400000, 0x0000000610400000, 0x0000000610800000|  0%| F|  |TAMS 0x0000000610400000| PB 0x0000000610400000| Untracked 
|  44|0x0000000610800000, 0x0000000610800000, 0x0000000610c00000|  0%| F|  |TAMS 0x0000000610800000| PB 0x0000000610800000| Untracked 
|  45|0x0000000610c00000, 0x0000000610c00000, 0x0000000611000000|  0%| F|  |TAMS 0x0000000610c00000| PB 0x0000000610c00000| Untracked 
|  46|0x0000000611000000, 0x0000000611000000, 0x0000000611400000|  0%| F|  |TAMS 0x0000000611000000| PB 0x0000000611000000| Untracked 
|  47|0x0000000611400000, 0x0000000611400000, 0x0000000611800000|  0%| F|  |TAMS 0x0000000611400000| PB 0x0000000611400000| Untracked 
|  48|0x0000000611800000, 0x0000000611800000, 0x0000000611c00000|  0%| F|  |TAMS 0x0000000611800000| PB 0x0000000611800000| Untracked 
|  49|0x0000000611c00000, 0x0000000611c00000, 0x0000000612000000|  0%| F|  |TAMS 0x0000000611c00000| PB 0x0000000611c00000| Untracked 
|  50|0x0000000612000000, 0x0000000612000000, 0x0000000612400000|  0%| F|  |TAMS 0x0000000612000000| PB 0x0000000612000000| Untracked 
|  51|0x0000000612400000, 0x0000000612400000, 0x0000000612800000|  0%| F|  |TAMS 0x0000000612400000| PB 0x0000000612400000| Untracked 
|  52|0x0000000612800000, 0x0000000612800000, 0x0000000612c00000|  0%| F|  |TAMS 0x0000000612800000| PB 0x0000000612800000| Untracked 
|  53|0x0000000612c00000, 0x0000000612c00000, 0x0000000613000000|  0%| F|  |TAMS 0x0000000612c00000| PB 0x0000000612c00000| Untracked 
|  54|0x0000000613000000, 0x0000000613000000, 0x0000000613400000|  0%| F|  |TAMS 0x0000000613000000| PB 0x0000000613000000| Untracked 
|  55|0x0000000613400000, 0x0000000613400000, 0x0000000613800000|  0%| F|  |TAMS 0x0000000613400000| PB 0x0000000613400000| Untracked 
|  56|0x0000000613800000, 0x0000000613800000, 0x0000000613c00000|  0%| F|  |TAMS 0x0000000613800000| PB 0x0000000613800000| Untracked 
|  57|0x0000000613c00000, 0x0000000613c00000, 0x0000000614000000|  0%| F|  |TAMS 0x0000000613c00000| PB 0x0000000613c00000| Untracked 
|  58|0x0000000614000000, 0x0000000614000000, 0x0000000614400000|  0%| F|  |TAMS 0x0000000614000000| PB 0x0000000614000000| Untracked 
|  59|0x0000000614400000, 0x0000000614400000, 0x0000000614800000|  0%| F|  |TAMS 0x0000000614400000| PB 0x0000000614400000| Untracked 
|  60|0x0000000614800000, 0x0000000614800000, 0x0000000614c00000|  0%| F|  |TAMS 0x0000000614800000| PB 0x0000000614800000| Untracked 
|  61|0x0000000614c00000, 0x0000000614c00000, 0x0000000615000000|  0%| F|  |TAMS 0x0000000614c00000| PB 0x0000000614c00000| Untracked 
|  62|0x0000000615000000, 0x0000000615000000, 0x0000000615400000|  0%| F|  |TAMS 0x0000000615000000| PB 0x0000000615000000| Untracked 
|  63|0x0000000615400000, 0x0000000615400000, 0x0000000615800000|  0%| F|  |TAMS 0x0000000615400000| PB 0x0000000615400000| Untracked 
|  64|0x0000000615800000, 0x0000000615800000, 0x0000000615c00000|  0%| F|  |TAMS 0x0000000615800000| PB 0x0000000615800000| Untracked 
|  65|0x0000000615c00000, 0x0000000615c00000, 0x0000000616000000|  0%| F|  |TAMS 0x0000000615c00000| PB 0x0000000615c00000| Untracked 
|  66|0x0000000616000000, 0x0000000616000000, 0x0000000616400000|  0%| F|  |TAMS 0x0000000616000000| PB 0x0000000616000000| Untracked 
|  67|0x0000000616400000, 0x0000000616400000, 0x0000000616800000|  0%| F|  |TAMS 0x0000000616400000| PB 0x0000000616400000| Untracked 
|  68|0x0000000616800000, 0x0000000616800000, 0x0000000616c00000|  0%| F|  |TAMS 0x0000000616800000| PB 0x0000000616800000| Untracked 
|  69|0x0000000616c00000, 0x0000000616c00000, 0x0000000617000000|  0%| F|  |TAMS 0x0000000616c00000| PB 0x0000000616c00000| Untracked 
|  70|0x0000000617000000, 0x0000000617000000, 0x0000000617400000|  0%| F|  |TAMS 0x0000000617000000| PB 0x0000000617000000| Untracked 
|  71|0x0000000617400000, 0x0000000617400000, 0x0000000617800000|  0%| F|  |TAMS 0x0000000617400000| PB 0x0000000617400000| Untracked 
|  72|0x0000000617800000, 0x0000000617800000, 0x0000000617c00000|  0%| F|  |TAMS 0x0000000617800000| PB 0x0000000617800000| Untracked 
|  73|0x0000000617c00000, 0x0000000617c00000, 0x0000000618000000|  0%| F|  |TAMS 0x0000000617c00000| PB 0x0000000617c00000| Untracked 
|  74|0x0000000618000000, 0x0000000618000000, 0x0000000618400000|  0%| F|  |TAMS 0x0000000618000000| PB 0x0000000618000000| Untracked 
|  75|0x0000000618400000, 0x0000000618400000, 0x0000000618800000|  0%| F|  |TAMS 0x0000000618400000| PB 0x0000000618400000| Untracked 
|  76|0x0000000618800000, 0x0000000618800000, 0x0000000618c00000|  0%| F|  |TAMS 0x0000000618800000| PB 0x0000000618800000| Untracked 
|  77|0x0000000618c00000, 0x0000000618c00000, 0x0000000619000000|  0%| F|  |TAMS 0x0000000618c00000| PB 0x0000000618c00000| Untracked 
|  78|0x0000000619000000, 0x0000000619000000, 0x0000000619400000|  0%| F|  |TAMS 0x0000000619000000| PB 0x0000000619000000| Untracked 
|  79|0x0000000619400000, 0x0000000619400000, 0x0000000619800000|  0%| F|  |TAMS 0x0000000619400000| PB 0x0000000619400000| Untracked 
|  80|0x0000000619800000, 0x0000000619800000, 0x0000000619c00000|  0%| F|  |TAMS 0x0000000619800000| PB 0x0000000619800000| Untracked 
|  81|0x0000000619c00000, 0x0000000619c00000, 0x000000061a000000|  0%| F|  |TAMS 0x0000000619c00000| PB 0x0000000619c00000| Untracked 
|  82|0x000000061a000000, 0x000000061a000000, 0x000000061a400000|  0%| F|  |TAMS 0x000000061a000000| PB 0x000000061a000000| Untracked 
|  83|0x000000061a400000, 0x000000061a400000, 0x000000061a800000|  0%| F|  |TAMS 0x000000061a400000| PB 0x000000061a400000| Untracked 
|  84|0x000000061a800000, 0x000000061a800000, 0x000000061ac00000|  0%| F|  |TAMS 0x000000061a800000| PB 0x000000061a800000| Untracked 
|  85|0x000000061ac00000, 0x000000061ac00000, 0x000000061b000000|  0%| F|  |TAMS 0x000000061ac00000| PB 0x000000061ac00000| Untracked 
|  86|0x000000061b000000, 0x000000061b000000, 0x000000061b400000|  0%| F|  |TAMS 0x000000061b000000| PB 0x000000061b000000| Untracked 
|  87|0x000000061b400000, 0x000000061b400000, 0x000000061b800000|  0%| F|  |TAMS 0x000000061b400000| PB 0x000000061b400000| Untracked 
|  88|0x000000061b800000, 0x000000061b800000, 0x000000061bc00000|  0%| F|  |TAMS 0x000000061b800000| PB 0x000000061b800000| Untracked 
|  89|0x000000061bc00000, 0x000000061bc00000, 0x000000061c000000|  0%| F|  |TAMS 0x000000061bc00000| PB 0x000000061bc00000| Untracked 
|  90|0x000000061c000000, 0x000000061c000000, 0x000000061c400000|  0%| F|  |TAMS 0x000000061c000000| PB 0x000000061c000000| Untracked 
|  91|0x000000061c400000, 0x000000061c400000, 0x000000061c800000|  0%| F|  |TAMS 0x000000061c400000| PB 0x000000061c400000| Untracked 
|  92|0x000000061c800000, 0x000000061c800000, 0x000000061cc00000|  0%| F|  |TAMS 0x000000061c800000| PB 0x000000061c800000| Untracked 
|  93|0x000000061cc00000, 0x000000061cc00000, 0x000000061d000000|  0%| F|  |TAMS 0x000000061cc00000| PB 0x000000061cc00000| Untracked 
|  94|0x000000061d000000, 0x000000061d000000, 0x000000061d400000|  0%| F|  |TAMS 0x000000061d000000| PB 0x000000061d000000| Untracked 
|  95|0x000000061d400000, 0x000000061d400000, 0x000000061d800000|  0%| F|  |TAMS 0x000000061d400000| PB 0x000000061d400000| Untracked 
|  96|0x000000061d800000, 0x000000061d800000, 0x000000061dc00000|  0%| F|  |TAMS 0x000000061d800000| PB 0x000000061d800000| Untracked 
|  97|0x000000061dc00000, 0x000000061dc00000, 0x000000061e000000|  0%| F|  |TAMS 0x000000061dc00000| PB 0x000000061dc00000| Untracked 
|  98|0x000000061e000000, 0x000000061e000000, 0x000000061e400000|  0%| F|  |TAMS 0x000000061e000000| PB 0x000000061e000000| Untracked 
|  99|0x000000061e400000, 0x000000061e400000, 0x000000061e800000|  0%| F|  |TAMS 0x000000061e400000| PB 0x000000061e400000| Untracked 
| 100|0x000000061e800000, 0x000000061e800000, 0x000000061ec00000|  0%| F|  |TAMS 0x000000061e800000| PB 0x000000061e800000| Untracked 
| 101|0x000000061ec00000, 0x000000061ec00000, 0x000000061f000000|  0%| F|  |TAMS 0x000000061ec00000| PB 0x000000061ec00000| Untracked 
| 102|0x000000061f000000, 0x000000061f000000, 0x000000061f400000|  0%| F|  |TAMS 0x000000061f000000| PB 0x000000061f000000| Untracked 
| 103|0x000000061f400000, 0x000000061f400000, 0x000000061f800000|  0%| F|  |TAMS 0x000000061f400000| PB 0x000000061f400000| Untracked 
| 104|0x000000061f800000, 0x000000061f800000, 0x000000061fc00000|  0%| F|  |TAMS 0x000000061f800000| PB 0x000000061f800000| Untracked 
| 105|0x000000061fc00000, 0x000000061fc00000, 0x0000000620000000|  0%| F|  |TAMS 0x000000061fc00000| PB 0x000000061fc00000| Untracked 
| 106|0x0000000620000000, 0x0000000620000000, 0x0000000620400000|  0%| F|  |TAMS 0x0000000620000000| PB 0x0000000620000000| Untracked 
| 107|0x0000000620400000, 0x0000000620400000, 0x0000000620800000|  0%| F|  |TAMS 0x0000000620400000| PB 0x0000000620400000| Untracked 
| 108|0x0000000620800000, 0x0000000620800000, 0x0000000620c00000|  0%| F|  |TAMS 0x0000000620800000| PB 0x0000000620800000| Untracked 
| 109|0x0000000620c00000, 0x0000000620c00000, 0x0000000621000000|  0%| F|  |TAMS 0x0000000620c00000| PB 0x0000000620c00000| Untracked 
| 110|0x0000000621000000, 0x0000000621000000, 0x0000000621400000|  0%| F|  |TAMS 0x0000000621000000| PB 0x0000000621000000| Untracked 
| 111|0x0000000621400000, 0x0000000621400000, 0x0000000621800000|  0%| F|  |TAMS 0x0000000621400000| PB 0x0000000621400000| Untracked 
| 112|0x0000000621800000, 0x0000000621800000, 0x0000000621c00000|  0%| F|  |TAMS 0x0000000621800000| PB 0x0000000621800000| Untracked 
| 113|0x0000000621c00000, 0x0000000621c00000, 0x0000000622000000|  0%| F|  |TAMS 0x0000000621c00000| PB 0x0000000621c00000| Untracked 
| 114|0x0000000622000000, 0x0000000622000000, 0x0000000622400000|  0%| F|  |TAMS 0x0000000622000000| PB 0x0000000622000000| Untracked 
| 115|0x0000000622400000, 0x0000000622400000, 0x0000000622800000|  0%| F|  |TAMS 0x0000000622400000| PB 0x0000000622400000| Untracked 
| 116|0x0000000622800000, 0x0000000622800000, 0x0000000622c00000|  0%| F|  |TAMS 0x0000000622800000| PB 0x0000000622800000| Untracked 
| 117|0x0000000622c00000, 0x0000000622c00000, 0x0000000623000000|  0%| F|  |TAMS 0x0000000622c00000| PB 0x0000000622c00000| Untracked 
| 118|0x0000000623000000, 0x0000000623000000, 0x0000000623400000|  0%| F|  |TAMS 0x0000000623000000| PB 0x0000000623000000| Untracked 
| 119|0x0000000623400000, 0x0000000623400000, 0x0000000623800000|  0%| F|  |TAMS 0x0000000623400000| PB 0x0000000623400000| Untracked 
| 120|0x0000000623800000, 0x0000000623800000, 0x0000000623c00000|  0%| F|  |TAMS 0x0000000623800000| PB 0x0000000623800000| Untracked 
| 121|0x0000000623c00000, 0x0000000623c00000, 0x0000000624000000|  0%| F|  |TAMS 0x0000000623c00000| PB 0x0000000623c00000| Untracked 
| 122|0x0000000624000000, 0x00000006243e5cd8, 0x0000000624400000| 97%| E|  |TAMS 0x0000000624000000| PB 0x0000000624000000| Complete 
| 123|0x0000000624400000, 0x0000000624800000, 0x0000000624800000|100%| E|CS|TAMS 0x0000000624400000| PB 0x0000000624400000| Complete 
| 124|0x0000000624800000, 0x0000000624c00000, 0x0000000624c00000|100%| E|CS|TAMS 0x0000000624800000| PB 0x0000000624800000| Complete 
| 125|0x0000000624c00000, 0x0000000625000000, 0x0000000625000000|100%| E|CS|TAMS 0x0000000624c00000| PB 0x0000000624c00000| Complete 
| 126|0x0000000625000000, 0x0000000625400000, 0x0000000625400000|100%| E|CS|TAMS 0x0000000625000000| PB 0x0000000625000000| Complete 

Card table byte_map: [0x000001a9e9f60000,0x000001a9eaf40000] _byte_map_base: 0x000001a9e6f34000

Marking Bits: (CMBitMap*) 0x000001a9d5fb4f30
 Bits: [0x000001a9eaf40000, 0x000001a9f2de0000)

Polling page: 0x000001a9d3e30000

Metaspace:

Usage:
  Non-class:      5.65 MB used.
      Class:    752.05 KB used.
       Both:      6.39 MB used.

Virtual space:
  Non-class space:       64.00 MB reserved,       5.81 MB (  9%) committed,  1 nodes.
      Class space:        1.00 GB reserved,     832.00 KB ( <1%) committed,  1 nodes.
             Both:        1.06 GB reserved,       6.62 MB ( <1%) committed. 

Chunk freelists:
   Non-Class:  9.30 MB
       Class:  15.01 MB
        Both:  24.31 MB

MaxMetaspaceSize: unlimited
CompressedClassSpaceSize: 1.00 GB
Initial GC threshold: 21.00 MB
Current GC threshold: 21.00 MB
CDS: on
 - commit_granule_bytes: 65536.
 - commit_granule_words: 8192.
 - virtual_space_node_default_size: 8388608.
 - enlarge_chunks_in_place: 1.
 - use_allocation_guard: 0.


Internal statistics:

num_allocs_failed_limit: 0.
num_arena_births: 140.
num_arena_deaths: 0.
num_vsnodes_births: 2.
num_vsnodes_deaths: 0.
num_space_committed: 106.
num_space_uncommitted: 0.
num_chunks_returned_to_freelist: 0.
num_chunks_taken_from_freelist: 344.
num_chunk_merges: 0.
num_chunk_splits: 195.
num_chunks_enlarged: 122.
num_inconsistent_stats: 0.

CodeHeap 'non-profiled nmethods': size=120000Kb used=407Kb max_used=407Kb free=119592Kb
 bounds [0x000001a9e14f0000, 0x000001a9e1760000, 0x000001a9e8a20000]
CodeHeap 'profiled nmethods': size=120000Kb used=2360Kb max_used=2360Kb free=117640Kb
 bounds [0x000001a9d9a20000, 0x000001a9d9c90000, 0x000001a9e0f50000]
CodeHeap 'non-nmethods': size=5760Kb used=1397Kb max_used=1418Kb free=4362Kb
 bounds [0x000001a9e0f50000, 0x000001a9e11c0000, 0x000001a9e14f0000]
 total_blobs=1703 nmethods=1207 adapters=401
 compilation: enabled
              stopped_count=0, restarted_count=0
 full_count=0

Compilation events (20 events):
Event: 0.560 Thread 0x000001a9f5ba3b90 1197       3       sun.net.www.protocol.jar.Handler::parseContextSpec (150 bytes)
Event: 0.561 Thread 0x000001a9f5ba3b90 nmethod 1197 0x000001a9d9c65290 code [0x000001a9d9c65700, 0x000001a9d9c671d0]
Event: 0.561 Thread 0x000001a9f5ba3b90 1198       3       sun.net.www.protocol.jar.Handler::indexOfBangSlash (52 bytes)
Event: 0.562 Thread 0x000001a9f5ba3b90 nmethod 1198 0x000001a9d9c67c10 code [0x000001a9d9c67e80, 0x000001a9d9c68938]
Event: 0.562 Thread 0x000001a9f5ba3b90 1199       3       sun.net.www.protocol.jar.Handler::canonicalizeString (72 bytes)
Event: 0.562 Thread 0x000001a9f5ba3b90 nmethod 1199 0x000001a9d9c68d10 code [0x000001a9d9c69000, 0x000001a9d9c69de8]
Event: 0.563 Thread 0x000001a9f5ba3b90 1200       3       java.net.URLStreamHandler::setURL (159 bytes)
Event: 0.563 Thread 0x000001a9f5ba3b90 nmethod 1200 0x000001a9d9c6a410 code [0x000001a9d9c6a7a0, 0x000001a9d9c6bc20]
Event: 0.563 Thread 0x000001a9f5ba3b90 1201  s    3       java.util.jar.JarFile::getInputStream (88 bytes)
Event: 0.564 Thread 0x000001a9f5ba3b90 nmethod 1201 0x000001a9d9c6c510 code [0x000001a9d9c6c780, 0x000001a9d9c6cf60]
Event: 0.564 Thread 0x000001a9f5ba3b90 1202       3       java.util.zip.CRC32::getValue (10 bytes)
Event: 0.565 Thread 0x000001a9f5ba3b90 nmethod 1202 0x000001a9d9c6d190 code [0x000001a9d9c6d320, 0x000001a9d9c6d440]
Event: 0.565 Thread 0x000001a9f5ba3b90 1204       3       java.lang.Integer::toUnsignedLong (7 bytes)
Event: 0.565 Thread 0x000001a9f5ba3b90 nmethod 1204 0x000001a9d9c6d510 code [0x000001a9d9c6d6a0, 0x000001a9d9c6d7a0]
Event: 0.565 Thread 0x000001a9f5ba3b90 1205       3       sun.misc.Unsafe::putLong (11 bytes)
Event: 0.565 Thread 0x000001a9f5ba3b90 nmethod 1205 0x000001a9d9c6d810 code [0x000001a9d9c6d9a0, 0x000001a9d9c6dab0]
Event: 0.565 Thread 0x000001a9f5ba3b90 1206       3       org.lwjgl.system.MemoryUtil::memPutAddress (29 bytes)
Event: 0.565 Thread 0x000001a9f5b9fc00 1207       4       java.lang.Integer::toUnsignedLong (7 bytes)
Event: 0.565 Thread 0x000001a9f5ba3b90 nmethod 1206 0x000001a9d9c6db90 code [0x000001a9d9c6dd40, 0x000001a9d9c6df38]
Event: 0.565 Thread 0x000001a9f5b9fc00 nmethod 1207 0x000001a9e1555c10 code [0x000001a9e1555d80, 0x000001a9e1555de8]

GC Heap History (0 events):
No events

Dll operation events (10 events):
Event: 0.010 Loaded shared library C:\eclipse\plugins\org.eclipse.justj.openjdk.hotspot.jre.full.win32.x86_64_21.0.5.v20241023-1957\jre\bin\java.dll
Event: 0.036 Loaded shared library C:\eclipse\plugins\org.eclipse.justj.openjdk.hotspot.jre.full.win32.x86_64_21.0.5.v20241023-1957\jre\bin\zip.dll
Event: 0.063 Loaded shared library C:\eclipse\plugins\org.eclipse.justj.openjdk.hotspot.jre.full.win32.x86_64_21.0.5.v20241023-1957\jre\bin\net.dll
Event: 0.065 Loaded shared library C:\eclipse\plugins\org.eclipse.justj.openjdk.hotspot.jre.full.win32.x86_64_21.0.5.v20241023-1957\jre\bin\nio.dll
Event: 0.068 Loaded shared library C:\eclipse\plugins\org.eclipse.justj.openjdk.hotspot.jre.full.win32.x86_64_21.0.5.v20241023-1957\jre\bin\zip.dll
Event: 0.129 Loaded shared library C:\eclipse\plugins\org.eclipse.justj.openjdk.hotspot.jre.full.win32.x86_64_21.0.5.v20241023-1957\jre\bin\jimage.dll
Event: 0.155 Loaded shared library C:\eclipse\plugins\org.eclipse.justj.openjdk.hotspot.jre.full.win32.x86_64_21.0.5.v20241023-1957\jre\bin\extnet.dll
Event: 0.487 Loaded shared library C:\Users\luisr\AppData\Local\Temp\lwjgl_luisr\3.3.3+5\x64\lwjgl.dll
Event: 0.528 Loaded shared library C:\Users\luisr\AppData\Local\Temp\lwjgl_luisr\3.3.3+5\x64\lwjgl_stb.dll
Event: 0.557 Loaded shared library C:\Users\luisr\AppData\Local\Temp\lwjgl_luisr\3.3.3+5\x64\lwjgl_opengl.dll

Deoptimization events (20 events):
Event: 0.473 Thread 0x000001a9d3c927f0 DEOPT PACKING pc=0x000001a9e153d248 sp=0x0000009f604f8490
Event: 0.473 Thread 0x000001a9d3c927f0 DEOPT UNPACKING pc=0x000001a9e0fa46a2 sp=0x0000009f604f8338 mode 2
Event: 0.480 Thread 0x000001a9d3c927f0 Uncommon trap: trap_request=0xffffff45 fr.pc=0x000001a9e153aad8 relative=0x00000000000011b8
Event: 0.480 Thread 0x000001a9d3c927f0 Uncommon trap: reason=unstable_if action=reinterpret pc=0x000001a9e153aad8 method=java.util.jar.JarFile.getVersionedEntry(Ljava/lang/String;Ljava/util/jar/JarEntry;)Ljava/util/jar/JarEntry; @ 26 c2
Event: 0.480 Thread 0x000001a9d3c927f0 DEOPT PACKING pc=0x000001a9e153aad8 sp=0x0000009f604f9e70
Event: 0.480 Thread 0x000001a9d3c927f0 DEOPT UNPACKING pc=0x000001a9e0fa46a2 sp=0x0000009f604f9df0 mode 2
Event: 0.492 Thread 0x000001a9d3c927f0 Uncommon trap: trap_request=0xffffff45 fr.pc=0x000001a9e15245f0 relative=0x0000000000000230
Event: 0.492 Thread 0x000001a9d3c927f0 Uncommon trap: reason=unstable_if action=reinterpret pc=0x000001a9e15245f0 method=java.lang.String.startsWith(Ljava/lang/String;I)Z @ 1 c2
Event: 0.492 Thread 0x000001a9d3c927f0 DEOPT PACKING pc=0x000001a9e15245f0 sp=0x0000009f604f8ef0
Event: 0.492 Thread 0x000001a9d3c927f0 DEOPT UNPACKING pc=0x000001a9e0fa46a2 sp=0x0000009f604f8e80 mode 2
Event: 0.492 Thread 0x000001a9d3c927f0 Uncommon trap: trap_request=0xffffff45 fr.pc=0x000001a9e1521534 relative=0x0000000000000214
Event: 0.492 Thread 0x000001a9d3c927f0 Uncommon trap: reason=unstable_if action=reinterpret pc=0x000001a9e1521534 method=jdk.internal.util.ArraysSupport.mismatch([BI[BII)I @ 55 c2
Event: 0.492 Thread 0x000001a9d3c927f0 DEOPT PACKING pc=0x000001a9e1521534 sp=0x0000009f604f8e10
Event: 0.492 Thread 0x000001a9d3c927f0 DEOPT UNPACKING pc=0x000001a9e0fa46a2 sp=0x0000009f604f8dd8 mode 2
Event: 0.522 Thread 0x000001a9d3c927f0 Uncommon trap: trap_request=0xffffff45 fr.pc=0x000001a9e153e9cc relative=0x000000000000008c
Event: 0.522 Thread 0x000001a9d3c927f0 Uncommon trap: reason=unstable_if action=reinterpret pc=0x000001a9e153e9cc method=sun.net.www.ParseUtil.firstEncodeIndex(Ljava/lang/String;)I @ 51 c2
Event: 0.522 Thread 0x000001a9d3c927f0 DEOPT PACKING pc=0x000001a9e153e9cc sp=0x0000009f604fa9f0
Event: 0.522 Thread 0x000001a9d3c927f0 DEOPT UNPACKING pc=0x000001a9e0fa46a2 sp=0x0000009f604fa978 mode 2
Event: 0.560 Thread 0x000001a9d3c927f0 DEOPT PACKING pc=0x000001a9d9c5ab45 sp=0x0000009f604f83d0
Event: 0.560 Thread 0x000001a9d3c927f0 DEOPT UNPACKING pc=0x000001a9e0fa4e42 sp=0x0000009f604f78d8 mode 0

Classes loaded (20 events):
Event: 0.534 Loading class java/nio/DirectCharBufferU
Event: 0.534 Loading class java/nio/DirectCharBufferU done
Event: 0.534 Loading class java/nio/DirectFloatBufferU
Event: 0.535 Loading class java/nio/DirectFloatBufferU done
Event: 0.535 Loading class java/nio/DirectDoubleBufferU
Event: 0.535 Loading class java/nio/DirectDoubleBufferU done
Event: 0.535 Loading class sun/misc/Unsafe
Event: 0.535 Loading class sun/misc/Unsafe done
Event: 0.537 Loading class java/util/function/LongPredicate
Event: 0.537 Loading class java/util/function/LongPredicate done
Event: 0.538 Loading class java/lang/foreign/MemorySegment
Event: 0.538 Loading class java/lang/foreign/MemorySegment done
Event: 0.545 Loading class java/lang/IndexOutOfBoundsException
Event: 0.545 Loading class java/lang/IndexOutOfBoundsException done
Event: 0.545 Loading class java/nio/InvalidMarkException
Event: 0.545 Loading class java/nio/InvalidMarkException done
Event: 0.545 Loading class java/nio/BufferUnderflowException
Event: 0.545 Loading class java/nio/BufferUnderflowException done
Event: 0.559 Loading class java/lang/NoSuchFieldError
Event: 0.559 Loading class java/lang/NoSuchFieldError done

Classes unloaded (0 events):
No events

Classes redefined (0 events):
No events

Internal exceptions (20 events):
Event: 0.466 Thread 0x000001a9d3c927f0 Exception <a 'java/lang/NoSuchMethodError'{0x00000006241a4b38}: 'void java.lang.invoke.DelegatingMethodHandle$Holder.delegate(java.lang.Object, java.lang.Object, int, java.lang.Object)'> (0x00000006241a4b38) 
thrown [s\src\hotspot\share\interpreter\linkResolver.cpp, line 773]
Event: 0.467 Thread 0x000001a9d3c927f0 Exception <a 'java/lang/NoSuchMethodError'{0x00000006241bf828}: 'void java.lang.System.loadLibrary(java.lang.String, java.lang.Class)'> (0x00000006241bf828) 
thrown [s\src\hotspot\share\interpreter\linkResolver.cpp, line 773]
Event: 0.470 Thread 0x000001a9d3c927f0 Exception <a 'java/lang/NoSuchMethodError'{0x00000006241deb20}: 'void java.lang.System.load(java.lang.String, java.lang.Class)'> (0x00000006241deb20) 
thrown [s\src\hotspot\share\interpreter\linkResolver.cpp, line 773]
Event: 0.470 Thread 0x000001a9d3c927f0 Exception <a 'java/lang/NoSuchMethodError'{0x00000006241e1b08}: 'void java.lang.System.loadLibrary(java.lang.String, java.lang.Class)'> (0x00000006241e1b08) 
thrown [s\src\hotspot\share\interpreter\linkResolver.cpp, line 773]
Event: 0.485 Thread 0x000001a9d3c927f0 Exception <a 'sun/nio/fs/WindowsException'{0x000000062420bf08}> (0x000000062420bf08) 
thrown [s\src\hotspot\share\prims\jni.cpp, line 520]
Event: 0.485 Thread 0x000001a9d3c927f0 Exception <a 'sun/nio/fs/WindowsException'{0x000000062420c458}> (0x000000062420c458) 
thrown [s\src\hotspot\share\prims\jni.cpp, line 520]
Event: 0.527 Thread 0x000001a9d3c927f0 Exception <a 'sun/nio/fs/WindowsException'{0x000000062427a218}> (0x000000062427a218) 
thrown [s\src\hotspot\share\prims\jni.cpp, line 520]
Event: 0.527 Thread 0x000001a9d3c927f0 Exception <a 'sun/nio/fs/WindowsException'{0x000000062427a598}> (0x000000062427a598) 
thrown [s\src\hotspot\share\prims\jni.cpp, line 520]
Event: 0.537 Thread 0x000001a9d3c927f0 Exception <a 'java/lang/NoSuchMethodError'{0x00000006242c5820}: 'int java.lang.invoke.DirectMethodHandle$Holder.invokeStaticInit(java.lang.Object, java.lang.Object, int, long)'> (0x00000006242c5820) 
thrown [s\src\hotspot\share\interpreter\linkResolver.cpp, line 773]
Event: 0.537 Thread 0x000001a9d3c927f0 Exception <a 'java/lang/NoSuchMethodError'{0x00000006242cb158}: 'java.lang.Object java.lang.invoke.DirectMethodHandle$Holder.newInvokeSpecial(java.lang.Object, java.lang.Object, int)'> (0x00000006242cb158) 
thrown [s\src\hotspot\share\interpreter\linkResolver.cpp, line 773]
Event: 0.539 Thread 0x000001a9d3c927f0 Exception <a 'java/lang/NoSuchMethodError'{0x00000006242d9fe8}: 'int java.lang.invoke.DirectMethodHandle$Holder.invokeStaticInit(java.lang.Object, java.lang.Object, long, long)'> (0x00000006242d9fe8) 
thrown [s\src\hotspot\share\interpreter\linkResolver.cpp, line 773]
Event: 0.540 Thread 0x000001a9d3c927f0 Exception <a 'java/lang/NoSuchMethodError'{0x00000006242dfff0}: 'java.lang.Object java.lang.invoke.DirectMethodHandle$Holder.newInvokeSpecial(java.lang.Object, java.lang.Object, long)'> (0x00000006242dfff0) 
thrown [s\src\hotspot\share\interpreter\linkResolver.cpp, line 773]
Event: 0.540 Thread 0x000001a9d3c927f0 Exception <a 'java/lang/NoSuchMethodError'{0x00000006242e46b8}: 'java.lang.Object java.lang.invoke.Invokers$Holder.linkToTargetMethod(java.lang.Object, long, java.lang.Object)'> (0x00000006242e46b8) 
thrown [s\src\hotspot\share\interpreter\linkResolver.cpp, line 773]
Event: 0.541 Thread 0x000001a9d3c927f0 Exception <a 'java/lang/NoSuchMethodError'{0x00000006242ec0b8}: 'int java.lang.invoke.DirectMethodHandle$Holder.invokeStaticInit(java.lang.Object, java.lang.Object, java.lang.Object, long)'> (0x00000006242ec0b8) 
thrown [s\src\hotspot\share\interpreter\linkResolver.cpp, line 773]
Event: 0.552 Thread 0x000001a9d3c927f0 Exception <a 'java/lang/NoSuchMethodError'{0x00000006243742e0}: 'void java.lang.System.load(java.lang.String, java.lang.Class)'> (0x00000006243742e0) 
thrown [s\src\hotspot\share\interpreter\linkResolver.cpp, line 773]
Event: 0.553 Thread 0x000001a9d3c927f0 Exception <a 'java/lang/NoSuchMethodError'{0x00000006243772b0}: 'void java.lang.System.loadLibrary(java.lang.String, java.lang.Class)'> (0x00000006243772b0) 
thrown [s\src\hotspot\share\interpreter\linkResolver.cpp, line 773]
Event: 0.556 Thread 0x000001a9d3c927f0 Exception <a 'sun/nio/fs/WindowsException'{0x00000006243864e0}> (0x00000006243864e0) 
thrown [s\src\hotspot\share\prims\jni.cpp, line 520]
Event: 0.556 Thread 0x000001a9d3c927f0 Exception <a 'sun/nio/fs/WindowsException'{0x0000000624386880}> (0x0000000624386880) 
thrown [s\src\hotspot\share\prims\jni.cpp, line 520]
Event: 0.560 Thread 0x000001a9d3c927f0 Exception <a 'sun/nio/fs/WindowsException'{0x000000062438fdc8}> (0x000000062438fdc8) 
thrown [s\src\hotspot\share\prims\jni.cpp, line 520]
Event: 0.560 Thread 0x000001a9d3c927f0 Exception <a 'sun/nio/fs/WindowsException'{0x0000000624390098}> (0x0000000624390098) 
thrown [s\src\hotspot\share\prims\jni.cpp, line 520]

ZGC Phase Switch (0 events):
No events

VM Operations (18 events):
Event: 0.069 Executing VM operation: HandshakeAllThreads (Deoptimize)
Event: 0.069 Executing VM operation: HandshakeAllThreads (Deoptimize) done
Event: 0.178 Executing VM operation: HandshakeAllThreads (Deoptimize)
Event: 0.178 Executing VM operation: HandshakeAllThreads (Deoptimize) done
Event: 0.244 Executing VM operation: HandshakeAllThreads (Deoptimize)
Event: 0.244 Executing VM operation: HandshakeAllThreads (Deoptimize) done
Event: 0.316 Executing VM operation: HandshakeAllThreads (Deoptimize)
Event: 0.316 Executing VM operation: HandshakeAllThreads (Deoptimize) done
Event: 0.326 Executing VM operation: HandshakeAllThreads (Deoptimize)
Event: 0.326 Executing VM operation: HandshakeAllThreads (Deoptimize) done
Event: 0.406 Executing VM operation: HandshakeAllThreads (Deoptimize)
Event: 0.406 Executing VM operation: HandshakeAllThreads (Deoptimize) done
Event: 0.409 Executing VM operation: HandshakeAllThreads (Deoptimize)
Event: 0.409 Executing VM operation: HandshakeAllThreads (Deoptimize) done
Event: 0.471 Executing VM operation: ICBufferFull
Event: 0.471 Executing VM operation: ICBufferFull done
Event: 0.491 Executing VM operation: HandshakeAllThreads (Deoptimize)
Event: 0.491 Executing VM operation: HandshakeAllThreads (Deoptimize) done

Memory protections (0 events):
No events

Nmethod flushes (0 events):
No events

Events (13 events):
Event: 0.025 Thread 0x000001a9d3c927f0 Thread added: 0x000001a9d3c927f0
Event: 0.038 Thread 0x000001a9d3c927f0 Thread added: 0x000001a9f51fb200
Event: 0.038 Thread 0x000001a9d3c927f0 Thread added: 0x000001a9f51fbdb0
Event: 0.038 Thread 0x000001a9d3c927f0 Thread added: 0x000001a9f51fd970
Event: 0.038 Thread 0x000001a9d3c927f0 Thread added: 0x000001a9f51fe4f0
Event: 0.038 Thread 0x000001a9d3c927f0 Thread added: 0x000001a9f5b90080
Event: 0.038 Thread 0x000001a9d3c927f0 Thread added: 0x000001a9f5b91ae0
Event: 0.038 Thread 0x000001a9d3c927f0 Thread added: 0x000001a9f5b9fc00
Event: 0.038 Thread 0x000001a9d3c927f0 Thread added: 0x000001a9f5ba3b90
Event: 0.057 Thread 0x000001a9d3c927f0 Thread added: 0x000001a9f5cdcc10
Event: 0.060 Thread 0x000001a9d3c927f0 Thread added: 0x000001a9f5ce7450
Event: 0.160 Thread 0x000001a9d3c927f0 Thread added: 0x000001a9f5f738e0
Event: 0.191 Thread 0x000001a9f5ba3b90 Thread added: 0x000001a9fa06e5d0


Dynamic libraries:
0x00007ff690dc0000 - 0x00007ff690dce000 	C:\eclipse\plugins\org.eclipse.justj.openjdk.hotspot.jre.full.win32.x86_64_21.0.5.v20241023-1957\jre\bin\javaw.exe
0x00007fffe8d70000 - 0x00007fffe8f87000 	C:\windows\SYSTEM32\ntdll.dll
0x00007fffe76d0000 - 0x00007fffe7794000 	C:\windows\System32\KERNEL32.DLL
0x00007fffe6040000 - 0x00007fffe63fa000 	C:\windows\System32\KERNELBASE.dll
0x00007fffe6400000 - 0x00007fffe6511000 	C:\windows\System32\ucrtbase.dll
0x00007fffda6a0000 - 0x00007fffda6be000 	C:\eclipse\plugins\org.eclipse.justj.openjdk.hotspot.jre.full.win32.x86_64_21.0.5.v20241023-1957\jre\bin\VCRUNTIME140.dll
0x00007fffd54c0000 - 0x00007fffd54d8000 	C:\eclipse\plugins\org.eclipse.justj.openjdk.hotspot.jre.full.win32.x86_64_21.0.5.v20241023-1957\jre\bin\jli.dll
0x00007fffe87f0000 - 0x00007fffe899e000 	C:\windows\System32\USER32.dll
0x00007fffe67b0000 - 0x00007fffe67d6000 	C:\windows\System32\win32u.dll
0x00007fffe89a0000 - 0x00007fffe89c9000 	C:\windows\System32\GDI32.dll
0x00007fffe6950000 - 0x00007fffe6a6b000 	C:\windows\System32\gdi32full.dll
0x00007fffe6690000 - 0x00007fffe672a000 	C:\windows\System32\msvcp_win.dll
0x00007fffcb3e0000 - 0x00007fffcb672000 	C:\windows\WinSxS\amd64_microsoft.windows.common-controls_6595b64144ccf1df_6.0.22621.4541_none_2710d1c57384c085\COMCTL32.dll
0x00007fffe7040000 - 0x00007fffe70e7000 	C:\windows\System32\msvcrt.dll
0x00007fffe8ab0000 - 0x00007fffe8ae1000 	C:\windows\System32\IMM32.DLL
0x00007fffe20a0000 - 0x00007fffe20ac000 	C:\eclipse\plugins\org.eclipse.justj.openjdk.hotspot.jre.full.win32.x86_64_21.0.5.v20241023-1957\jre\bin\vcruntime140_1.dll
0x00007fffd5890000 - 0x00007fffd591d000 	C:\eclipse\plugins\org.eclipse.justj.openjdk.hotspot.jre.full.win32.x86_64_21.0.5.v20241023-1957\jre\bin\msvcp140.dll
0x00007fff76570000 - 0x00007fff772ff000 	C:\eclipse\plugins\org.eclipse.justj.openjdk.hotspot.jre.full.win32.x86_64_21.0.5.v20241023-1957\jre\bin\server\jvm.dll
0x00007fffe82e0000 - 0x00007fffe8392000 	C:\windows\System32\ADVAPI32.dll
0x00007fffe7930000 - 0x00007fffe79d7000 	C:\windows\System32\sechost.dll
0x00007fffe67e0000 - 0x00007fffe6808000 	C:\windows\System32\bcrypt.dll
0x00007fffe6a70000 - 0x00007fffe6b84000 	C:\windows\System32\RPCRT4.dll
0x00007fffe72c0000 - 0x00007fffe7331000 	C:\windows\System32\WS2_32.dll
0x00007fffdf1b0000 - 0x00007fffdf1e4000 	C:\windows\SYSTEM32\WINMM.dll
0x00007fffe57d0000 - 0x00007fffe581d000 	C:\windows\SYSTEM32\POWRPROF.dll
0x00007fffde300000 - 0x00007fffde30a000 	C:\windows\SYSTEM32\VERSION.dll
0x00007fffe57b0000 - 0x00007fffe57c3000 	C:\windows\SYSTEM32\UMPDC.dll
0x00007fffe5040000 - 0x00007fffe5058000 	C:\windows\SYSTEM32\kernel.appcore.dll
0x00007fffdeb10000 - 0x00007fffdeb1a000 	C:\eclipse\plugins\org.eclipse.justj.openjdk.hotspot.jre.full.win32.x86_64_21.0.5.v20241023-1957\jre\bin\jimage.dll
0x00007fffdd790000 - 0x00007fffdd9c2000 	C:\windows\SYSTEM32\DBGHELP.DLL
0x00007fffe7340000 - 0x00007fffe76cf000 	C:\windows\System32\combase.dll
0x00007fffe89d0000 - 0x00007fffe8aa7000 	C:\windows\System32\OLEAUT32.dll
0x00007fffdd750000 - 0x00007fffdd782000 	C:\windows\SYSTEM32\dbgcore.DLL
0x00007fffe68d0000 - 0x00007fffe694b000 	C:\windows\System32\bcryptPrimitives.dll
0x00007fffdded0000 - 0x00007fffddeef000 	C:\eclipse\plugins\org.eclipse.justj.openjdk.hotspot.jre.full.win32.x86_64_21.0.5.v20241023-1957\jre\bin\java.dll
0x00007fffe7a60000 - 0x00007fffe82d8000 	C:\windows\System32\SHELL32.dll
0x00007fffe3f30000 - 0x00007fffe4838000 	C:\windows\SYSTEM32\windows.storage.dll
0x00007fffe3df0000 - 0x00007fffe3f2f000 	C:\windows\SYSTEM32\wintypes.dll
0x00007fffe8b80000 - 0x00007fffe8c7a000 	C:\windows\System32\SHCORE.dll
0x00007fffe8790000 - 0x00007fffe87ee000 	C:\windows\System32\shlwapi.dll
0x00007fffe5f70000 - 0x00007fffe5f9b000 	C:\windows\SYSTEM32\profapi.dll
0x00007fffdce10000 - 0x00007fffdce28000 	C:\eclipse\plugins\org.eclipse.justj.openjdk.hotspot.jre.full.win32.x86_64_21.0.5.v20241023-1957\jre\bin\zip.dll
0x00007fffdeaa0000 - 0x00007fffdeab0000 	C:\eclipse\plugins\org.eclipse.justj.openjdk.hotspot.jre.full.win32.x86_64_21.0.5.v20241023-1957\jre\bin\net.dll
0x00007fffe2290000 - 0x00007fffe23c6000 	C:\windows\SYSTEM32\WINHTTP.dll
0x00007fffe54b0000 - 0x00007fffe5519000 	C:\windows\system32\mswsock.dll
0x00007fffdc110000 - 0x00007fffdc126000 	C:\eclipse\plugins\org.eclipse.justj.openjdk.hotspot.jre.full.win32.x86_64_21.0.5.v20241023-1957\jre\bin\nio.dll
0x00007fffe4aa0000 - 0x00007fffe4acd000 	C:\windows\SYSTEM32\IPHLPAPI.DLL
0x00007fffe8550000 - 0x00007fffe8559000 	C:\windows\System32\NSI.dll
0x00007fffdeb00000 - 0x00007fffdeb09000 	C:\eclipse\plugins\org.eclipse.justj.openjdk.hotspot.jre.full.win32.x86_64_21.0.5.v20241023-1957\jre\bin\extnet.dll
0x00007fffb27b0000 - 0x00007fffb282b000 	C:\Users\luisr\AppData\Local\Temp\lwjgl_luisr\3.3.3+5\x64\lwjgl.dll
0x00007fffb2720000 - 0x00007fffb27a2000 	C:\Users\luisr\AppData\Local\Temp\lwjgl_luisr\3.3.3+5\x64\lwjgl_stb.dll
0x00007fffb26c0000 - 0x00007fffb271e000 	C:\Users\luisr\AppData\Local\Temp\lwjgl_luisr\3.3.3+5\x64\lwjgl_opengl.dll
0x00007fffafc30000 - 0x00007fffafd30000 	C:\windows\SYSTEM32\opengl32.dll
0x00007fffd5680000 - 0x00007fffd56ad000 	C:\windows\SYSTEM32\GLU32.dll
0x00007fffe35e0000 - 0x00007fffe3617000 	C:\windows\SYSTEM32\dxcore.dll

dbghelp: loaded successfully - version: 4.0.5 - missing functions: none
symbol engine: initialized successfully - sym options: 0x614 - pdb path: .;C:\eclipse\plugins\org.eclipse.justj.openjdk.hotspot.jre.full.win32.x86_64_21.0.5.v20241023-1957\jre\bin;C:\windows\SYSTEM32;C:\windows\WinSxS\amd64_microsoft.windows.common-controls_6595b64144ccf1df_6.0.22621.4541_none_2710d1c57384c085;C:\eclipse\plugins\org.eclipse.justj.openjdk.hotspot.jre.full.win32.x86_64_21.0.5.v20241023-1957\jre\bin\server;C:\Users\luisr\AppData\Local\Temp\lwjgl_luisr\3.3.3+5\x64

VM Arguments:
jvm_args: -ea -Dfile.encoding=UTF-8 -Dstdout.encoding=UTF-8 -Dstderr.encoding=UTF-8 -XX:+ShowCodeDetailsInExceptionMessages 
java_command: org.eclipse.jdt.internal.junit.runner.RemoteTestRunner -version 3 -port 56922 -testLoaderClass org.eclipse.jdt.internal.junit5.runner.JUnit5TestLoader -loaderpluginname org.eclipse.jdt.junit5.runtime -classNames com.ngeneration.miengine.util.indexer.ResourceIndexerTest
java_class_path (initial): C:\Users\luisr\git\MiEngineLib\target\test-classes;C:\Users\luisr\git\MiEngineLib\target\classes;C:\Users\luisr\.m2\repository\org\lwjgl\lwjgl\3.3.3\lwjgl-3.3.3.jar;C:\Users\luisr\.m2\repository\org\lwjgl\lwjgl-glfw\3.3.3\lwjgl-glfw-3.3.3.jar;C:\Users\luisr\.m2\repository\org\lwjgl\lwjgl-nfd\3.3.3\lwjgl-nfd-3.3.3.jar;C:\Users\luisr\.m2\repository\org\lwjgl\lwjgl-openal\3.3.3\lwjgl-openal-3.3.3.jar;C:\Users\luisr\.m2\repository\org\lwjgl\lwjgl-opengl\3.3.3\lwjgl-opengl-3.3.3.jar;C:\Users\luisr\.m2\repository\org\lwjgl\lwjgl-stb\3.3.3\lwjgl-stb-3.3.3.jar;C:\Users\luisr\.m2\repository\org\lwjgl\lwjgl\3.3.3\lwjgl-3.3.3-natives-windows.jar;C:\Users\luisr\.m2\repository\org\lwjgl\lwjgl-glfw\3.3.3\lwjgl-glfw-3.3.3-natives-windows.jar;C:\Users\luisr\.m2\repository\org\lwjgl\lwjgl-nfd\3.3.3\lwjgl-nfd-3.3.3-natives-windows.jar;C:\Users\luisr\.m2\repository\org\lwjgl\lwjgl-openal\3.3.3\lwjgl-openal-3.3.3-natives-windows.jar;C:\Users\luisr\.m2\repository\org\lwjgl\lwjgl-opengl\3.3.3\lwjgl-opengl-3.3.3-natives-windows.jar;C:\Users\luisr\.m2\repository\org\lwjgl\lwjgl-stb\3.3.3\lwjgl-stb-3.3.3-natives-windows.jar;C:\Users\luisr\.m2\repository\com\google\code\gson\gson\2.8.9\gson-2.8.9.jar;C:\Users\luisr\.m2\repository\org\projectlombok\lombok\1.18.28\lombok-1.18.28.jar;C:\Users\luisr\.m2\repository\org\junit\jupiter\junit-jupiter-api\5.11.4\junit-jupiter-api-5.11.4.jar;C:\Users\luisr\.m2\repository\org\opentest4j\opentest4j\1.3.0\opentest4j-1.3.0.jar;C:\Users\luisr\.m2\repository\org\junit\platform\junit-platform-commons\1.11.4\junit-platform-commons-1.11.4.jar;C:\Users\luisr\.m2\repository\org\apiguardian\apiguardian-api\1.1.2\apiguardian-api-1.1.2.jar;C:\Users\luisr\.m2\repository\org\junit\platform\junit-platform-launcher\1.11.4\junit-platform-launcher-1.11.4.jar;C:\Users\luisr\.m2\repository\org\junit\platform\junit-platform-engine\1.11.4\junit-platform-engine-1.11.4.jar;C:\Users\luisr\.m2\repository\org\junit\jupiter\junit-jupiter-engine\5.11.4\junit-jupiter-engine-5.11.4.jar;C:\eclipse\configuration\org.eclipse.osgi\251\0\.cp;C:\eclipse\configuration\org.eclipse.osgi\249\0\.cp
Launcher Type: SUN_STANDARD

[Global flags]
     intx CICompilerCount                          = 4                                         {product} {ergonomic}
     uint ConcGCThreads                            = 3                                         {product} {ergonomic}
     uint G1ConcRefinementThreads                  = 10                                        {product} {ergonomic}
   size_t G1HeapRegionSize                         = 4194304                                   {product} {ergonomic}
    uintx GCDrainStackTargetSize                   = 64                                        {product} {ergonomic}
   size_t InitialHeapSize                          = 532676608                                 {product} {ergonomic}
   size_t MarkStackSize                            = 4194304                                   {product} {ergonomic}
   size_t MaxHeapSize                              = 8497659904                                {product} {ergonomic}
   size_t MaxNewSize                               = 5096079360                                {product} {ergonomic}
   size_t MinHeapDeltaBytes                        = 4194304                                   {product} {ergonomic}
   size_t MinHeapSize                              = 8388608                                   {product} {ergonomic}
    uintx NonNMethodCodeHeapSize                   = 5839372                                {pd product} {ergonomic}
    uintx NonProfiledCodeHeapSize                  = 122909434                              {pd product} {ergonomic}
    uintx ProfiledCodeHeapSize                     = 122909434                              {pd product} {ergonomic}
    uintx ReservedCodeCacheSize                    = 251658240                              {pd product} {ergonomic}
     bool SegmentedCodeCache                       = true                                      {product} {ergonomic}
     bool ShowCodeDetailsInExceptionMessages       = true                                   {manageable} {command line}
   size_t SoftMaxHeapSize                          = 8497659904                             {manageable} {ergonomic}
     bool UseCompressedOops                        = true                           {product lp64_product} {ergonomic}
     bool UseG1GC                                  = true                                      {product} {ergonomic}
     bool UseLargePagesIndividualAllocation        = false                                  {pd product} {ergonomic}

Logging:
Log output configuration:
 #0: stdout all=warning uptime,level,tags foldmultilines=false
 #1: stderr all=off uptime,level,tags foldmultilines=false

Environment Variables:
PATH=C:/eclipse//plugins/org.eclipse.justj.openjdk.hotspot.jre.full.win32.x86_64_21.0.5.v20241023-1957/jre/bin/server;C:/eclipse//plugins/org.eclipse.justj.openjdk.hotspot.jre.full.win32.x86_64_21.0.5.v20241023-1957/jre/bin;C:\Program Files\Common Files\Oracle\Java\javapath;C:\windows\system32;C:\windows;C:\windows\System32\Wbem;C:\windows\System32\WindowsPowerShell\v1.0\;C:\windows\System32\OpenSSH\;C:\Program Files\Git\cmd;C:\apache-maven-3.9.9\bin;C:\Program Files\nodejs\;C:\Users\luisr\AppData\Local\Microsoft\WindowsApps;C:\Users\luisr\AppData\Roaming\npm;C:\Users\luisr\AppData\Local\Programs\Microsoft VS Code\bin;C:\eclipse;
USERNAME=luisr
OS=Windows_NT
PROCESSOR_IDENTIFIER=Intel64 Family 6 Model 154 Stepping 4, GenuineIntel
TMP=C:\Users\luisr\AppData\Local\Temp
TEMP=C:\Users\luisr\AppData\Local\Temp




Periodic native trim disabled

---------------  S Y S T E M  ---------------

OS:
 Windows 11 , 64 bit Build 22621 (10.0.22621.4391)
OS uptime: 1 days 4:10 hours
Hyper-V role detected

CPU: total 12 (initial active 12) (6 cores per cpu, 2 threads per core) family 6 model 154 stepping 4 microcode 0x434, cx8, cmov, fxsr, ht, mmx, 3dnowpref, sse, sse2, sse3, ssse3, sse4.1, sse4.2, popcnt, lzcnt, tsc, tscinvbit, avx, avx2, aes, erms, clmul, bmi1, bmi2, adx, sha, fma, vzeroupper, clflush, clflushopt, clwb, hv, serialize, rdtscp, rdpid, fsrm, f16c, cet_ibt, cet_ss
Processor Information for processor 0
  Max Mhz: 1700, Current Mhz: 1700, Mhz Limit: 1700
Processor Information for processor 1
  Max Mhz: 1700, Current Mhz: 1700, Mhz Limit: 1700
Processor Information for processor 2
  Max Mhz: 1700, Current Mhz: 1700, Mhz Limit: 1700
Processor Information for processor 3
  Max Mhz: 1700, Current Mhz: 1700, Mhz Limit: 1700
Processor Information for processor 4
  Max Mhz: 1700, Current Mhz: 1558, Mhz Limit: 1700
Processor Information for processor 5
  Max Mhz: 1700, Current Mhz: 1700, Mhz Limit: 1700
Processor Information for processor 6
  Max Mhz: 1700, Current Mhz: 1700, Mhz Limit: 1700
Processor Information for processor 7
  Max Mhz: 1700, Current Mhz: 1558, Mhz Limit: 1700
Processor Information for processor 8
  Max Mhz: 1700, Current Mhz: 1558, Mhz Limit: 1700
Processor Information for processor 9
  Max Mhz: 1700, Current Mhz: 1558, Mhz Limit: 1700
Processor Information for processor 10
  Max Mhz: 1700, Current Mhz: 1700, Mhz Limit: 1700
Processor Information for processor 11
  Max Mhz: 1700, Current Mhz: 1700, Mhz Limit: 1700

Memory: 4k page, system-wide physical 32400M (17766M free)
TotalPageFile size 37520M (AvailPageFile size 19592M)
current process WorkingSet (physical memory assigned to process): 75M, peak: 75M
current process commit charge ("private bytes"): 617M, peak: 618M

vm_info: OpenJDK 64-Bit Server VM (21.0.5+11-LTS) for windows-amd64 JRE (21.0.5+11-LTS), built on 2024-10-15T00:00:00Z by "admin" with MS VC++ 17.7 (VS2022)

END.
